TN:
SF:src\animations\AnimationConfig.ts
FNF:0
FNH:0
DA:1,1
DA:4,1
DA:36,1
DA:67,1
DA:90,1
DA:100,1
DA:109,1
DA:119,1
DA:136,1
LF:9
LH:9
BRF:0
BRH:0
end_of_record
TN:
SF:src\animations\AnimationUtils.ts
FN:19,(anonymous_0)
FN:32,(anonymous_1)
FN:41,(anonymous_2)
FN:60,(anonymous_3)
FN:80,(anonymous_4)
FN:103,(anonymous_5)
FN:123,(anonymous_6)
FN:148,(anonymous_7)
FN:169,(anonymous_8)
FN:177,(anonymous_9)
FN:186,(anonymous_10)
FN:211,(anonymous_11)
FN:228,(anonymous_12)
FN:243,(anonymous_13)
FN:255,(anonymous_14)
FN:263,(anonymous_15)
FNF:16
FNH:0
FNDA:0,(anonymous_0)
FNDA:0,(anonymous_1)
FNDA:0,(anonymous_2)
FNDA:0,(anonymous_3)
FNDA:0,(anonymous_4)
FNDA:0,(anonymous_5)
FNDA:0,(anonymous_6)
FNDA:0,(anonymous_7)
FNDA:0,(anonymous_8)
FNDA:0,(anonymous_9)
FNDA:0,(anonymous_10)
FNDA:0,(anonymous_11)
FNDA:0,(anonymous_12)
FNDA:0,(anonymous_13)
FNDA:0,(anonymous_14)
FNDA:0,(anonymous_15)
DA:1,0
DA:11,0
DA:19,0
DA:25,0
DA:32,0
DA:37,0
DA:41,0
DA:47,0
DA:60,0
DA:67,0
DA:80,0
DA:88,0
DA:94,0
DA:103,0
DA:112,0
DA:113,0
DA:117,0
DA:123,0
DA:131,0
DA:136,0
DA:141,0
DA:148,0
DA:156,0
DA:169,0
DA:177,0
DA:178,0
DA:186,0
DA:193,0
DA:211,0
DA:218,0
DA:228,0
DA:236,0
DA:243,0
DA:251,0
DA:255,0
DA:261,0
DA:262,0
DA:263,0
DA:265,0
DA:266,0
DA:267,0
DA:272,0
LF:42
LH:0
BRDA:21,0,0,0
BRDA:22,1,0,0
BRDA:34,2,0,0
BRDA:55,3,0,0
BRDA:55,3,1,0
BRDA:71,4,0,0
BRDA:71,4,1,0
BRDA:75,5,0,0
BRDA:75,5,1,0
BRDA:98,6,0,0
BRDA:98,6,1,0
BRDA:118,7,0,0
BRDA:118,7,1,0
BRDA:144,8,0,0
BRDA:144,8,1,0
BRDA:164,9,0,0
BRDA:164,9,1,0
BRDA:172,10,0,0
BRDA:173,11,0,0
BRDA:188,12,0,0
BRDA:206,13,0,0
BRDA:206,13,1,0
BRDA:213,14,0,0
BRDA:223,15,0,0
BRDA:223,15,1,0
BRDA:231,16,0,0
BRDA:239,17,0,0
BRDA:239,17,1,0
BRDA:246,18,0,0
BRDA:251,19,0,0
BRDA:251,19,1,0
BRDA:261,20,0,0
BRDA:266,21,0,0
BRF:33
BRH:0
end_of_record
TN:
SF:src\animations\index.ts
FN:18,(anonymous_4)
FN:18,(anonymous_5)
FNF:2
FNH:0
FNDA:0,(anonymous_4)
FNDA:0,(anonymous_5)
DA:2,0
DA:3,0
DA:6,0
DA:7,0
DA:8,0
DA:9,0
DA:10,0
DA:13,0
DA:14,0
DA:15,0
DA:18,0
LF:11
LH:0
BRF:0
BRH:0
end_of_record
TN:
SF:src\animations\components\AnimatedButton.tsx
FN:19,(anonymous_9)
FN:32,(anonymous_10)
FN:46,(anonymous_11)
FN:66,(anonymous_12)
FN:78,(anonymous_13)
FNF:5
FNH:2
FNDA:10,(anonymous_9)
FNDA:0,(anonymous_10)
FNDA:0,(anonymous_11)
FNDA:0,(anonymous_12)
FNDA:10,(anonymous_13)
DA:1,1
DA:2,1
DA:3,1
DA:4,1
DA:17,1
DA:19,1
DA:29,10
DA:30,10
DA:32,10
DA:33,0
DA:35,0
DA:40,0
DA:46,10
DA:47,0
DA:49,0
DA:60,0
DA:66,10
DA:67,0
DA:70,0
DA:75,0
DA:78,10
DA:83,10
DA:91,10
DA:99,10
DA:113,1
LF:25
LH:16
BRDA:22,0,0,8
BRDA:23,1,0,8
BRDA:24,2,0,10
BRDA:27,3,0,10
BRDA:33,4,0,0
BRDA:47,5,0,0
BRDA:67,6,0,0
BRDA:70,7,0,0
BRDA:87,8,0,10
BRDA:87,8,1,2
BRDA:95,9,0,10
BRDA:95,9,1,2
BRF:12
BRH:8
end_of_record
TN:
SF:src\animations\components\AnimatedPlayerCard.tsx
FN:43,(anonymous_9)
FN:64,(anonymous_10)
FN:81,(anonymous_11)
FN:96,(anonymous_12)
FN:130,(anonymous_13)
FN:144,(anonymous_14)
FN:168,(anonymous_15)
FN:177,(anonymous_16)
FN:184,(anonymous_17)
FN:206,(anonymous_18)
FN:219,(anonymous_19)
FNF:11
FNH:8
FNDA:26,(anonymous_9)
FNDA:26,(anonymous_10)
FNDA:16,(anonymous_11)
FNDA:16,(anonymous_12)
FNDA:0,(anonymous_13)
FNDA:16,(anonymous_14)
FNDA:0,(anonymous_15)
FNDA:0,(anonymous_16)
FNDA:26,(anonymous_17)
FNDA:26,(anonymous_18)
FNDA:26,(anonymous_19)
DA:1,1
DA:2,1
DA:3,1
DA:14,1
DA:43,1
DA:56,26
DA:57,26
DA:58,26
DA:59,26
DA:60,26
DA:61,26
DA:64,26
DA:65,26
DA:66,10
DA:67,10
DA:72,16
DA:73,16
DA:81,26
DA:82,16
DA:83,0
DA:87,16
DA:88,1
DA:96,26
DA:97,16
DA:99,1
DA:106,1
DA:120,1
DA:130,26
DA:131,0
DA:144,26
DA:145,16
DA:146,9
DA:147,9
DA:148,9
DA:150,9
DA:157,9
DA:161,9
DA:168,26
DA:169,0
DA:171,0
DA:177,26
DA:178,0
DA:180,0
DA:184,26
DA:185,26
DA:193,26
DA:206,26
DA:207,26
DA:214,26
DA:219,26
DA:220,26
DA:227,26
DA:232,26
DA:286,1
LF:54
LH:48
BRDA:45,0,0,4
BRDA:46,1,0,26
BRDA:47,2,0,25
BRDA:48,3,0,25
BRDA:49,4,0,26
BRDA:53,5,0,16
BRDA:65,6,0,10
BRDA:65,6,1,16
BRDA:82,7,0,0
BRDA:82,7,1,16
BRDA:87,8,0,1
BRDA:97,9,0,1
BRDA:135,10,0,0
BRDA:135,10,1,0
BRDA:145,11,0,9
BRDA:169,12,0,0
BRDA:169,13,0,0
BRDA:169,13,1,0
BRDA:178,14,0,0
BRDA:178,15,0,0
BRDA:178,15,1,0
BRDA:180,16,0,0
BRDA:180,16,1,0
BRDA:185,17,0,0
BRDA:185,17,1,26
BRDA:187,18,0,10
BRDA:187,18,1,16
BRDA:189,19,0,1
BRDA:189,19,1,15
BRDA:215,20,0,0
BRDA:215,20,1,26
BRDA:240,21,0,0
BRDA:240,21,1,26
BRDA:251,22,0,26
BRDA:251,22,1,1
BRDA:265,23,0,26
BRDA:265,23,1,21
BRDA:270,24,0,26
BRDA:270,24,1,1
BRDA:270,24,2,1
BRDA:276,25,0,26
BRDA:276,25,1,1
BRF:42
BRH:28
end_of_record
TN:
SF:src\animations\components\CardFlipAnimation.tsx
FN:36,(anonymous_9)
FN:49,(anonymous_10)
FN:68,(anonymous_11)
FN:87,(anonymous_12)
FN:95,(anonymous_13)
FN:103,(anonymous_14)
FN:128,(anonymous_15)
FNF:7
FNH:6
FNDA:3,(anonymous_9)
FNDA:1,(anonymous_10)
FNDA:0,(anonymous_11)
FNDA:1,(anonymous_12)
FNDA:2,(anonymous_13)
FNDA:3,(anonymous_14)
FNDA:3,(anonymous_15)
DA:1,1
DA:2,1
DA:3,1
DA:12,1
DA:36,1
DA:46,3
DA:47,3
DA:49,3
DA:50,1
DA:52,1
DA:54,1
DA:65,1
DA:68,3
DA:69,0
DA:71,0
DA:73,0
DA:84,0
DA:87,3
DA:88,1
DA:89,0
DA:91,1
DA:95,3
DA:103,3
DA:104,3
DA:111,3
DA:118,3
DA:128,3
DA:129,3
DA:136,3
DA:143,3
DA:152,3
DA:167,1
DA:169,1
LF:33
LH:28
BRDA:41,0,0,3
BRDA:50,1,0,0
BRDA:58,2,0,1
BRDA:58,2,1,0
BRDA:62,3,0,1
BRDA:62,3,1,0
BRDA:69,4,0,0
BRDA:77,5,0,0
BRDA:77,5,1,0
BRDA:81,6,0,0
BRDA:81,6,1,0
BRDA:88,7,0,0
BRDA:88,7,1,1
BRF:13
BRH:4
end_of_record
TN:
SF:src\animations\components\EliminationAnimation.tsx
FN:44,(anonymous_9)
FN:67,(anonymous_10)
FN:81,(anonymous_11)
FN:95,(anonymous_12)
FN:148,(anonymous_13)
FN:177,(anonymous_14)
FN:190,(anonymous_15)
FN:198,(anonymous_16)
FN:204,(anonymous_17)
FN:214,(anonymous_18)
FN:219,(anonymous_19)
FN:225,(anonymous_20)
FN:250,(anonymous_21)
FN:260,(anonymous_22)
FN:266,(anonymous_23)
FN:291,(anonymous_24)
FNF:16
FNH:15
FNDA:7,(anonymous_9)
FNDA:7,(anonymous_10)
FNDA:7,(anonymous_11)
FNDA:4,(anonymous_12)
FNDA:0,(anonymous_13)
FNDA:2,(anonymous_14)
FNDA:6,(anonymous_15)
FNDA:1,(anonymous_16)
FNDA:7,(anonymous_17)
FNDA:7,(anonymous_18)
FNDA:7,(anonymous_19)
FNDA:7,(anonymous_20)
FNDA:56,(anonymous_21)
FNDA:56,(anonymous_22)
FNDA:48,(anonymous_23)
FNDA:56,(anonymous_24)
DA:1,1
DA:2,1
DA:3,1
DA:16,1
DA:25,1
DA:44,1
DA:56,7
DA:57,7
DA:58,7
DA:59,7
DA:60,7
DA:61,7
DA:62,7
DA:63,7
DA:64,7
DA:67,7
DA:68,7
DA:70,5
DA:72,1
DA:74,1
DA:76,0
DA:81,7
DA:82,7
DA:84,5
DA:86,1
DA:88,1
DA:90,0
DA:95,7
DA:96,4
DA:99,4
DA:105,4
DA:114,4
DA:121,4
DA:125,4
DA:133,4
DA:140,4
DA:148,4
DA:149,0
DA:154,0
DA:159,0
DA:164,0
DA:169,0
DA:177,7
DA:178,2
DA:179,2
DA:180,2
DA:181,2
DA:182,2
DA:183,2
DA:184,2
DA:185,2
DA:186,2
DA:190,7
DA:191,6
DA:192,4
DA:194,2
DA:198,7
DA:204,7
DA:214,7
DA:219,7
DA:225,7
DA:230,7
DA:251,56
DA:260,1
DA:261,56
DA:262,56
DA:263,56
DA:264,56
DA:266,56
DA:267,48
DA:268,48
DA:270,48
DA:275,48
DA:280,48
DA:285,48
DA:291,56
DA:300,56
DA:307,1
DA:309,1
LF:79
LH:72
BRDA:48,0,0,4
BRDA:49,1,0,2
BRDA:68,2,0,5
BRDA:68,2,1,1
BRDA:68,2,2,1
BRDA:68,2,3,0
BRDA:82,3,0,5
BRDA:82,3,1,1
BRDA:82,3,2,1
BRDA:82,3,3,0
BRDA:122,4,0,1
BRDA:122,4,1,3
BRDA:162,5,0,0
BRDA:162,5,1,0
BRDA:191,6,0,4
BRDA:191,6,1,2
BRDA:243,7,0,7
BRDA:243,7,1,1
BRF:18
BRH:14
end_of_record
TN:
SF:src\animations\components\VotingAnimation.tsx
FN:37,(anonymous_9)
FN:58,(anonymous_10)
FN:103,(anonymous_11)
FN:113,(anonymous_12)
FN:138,(anonymous_13)
FN:147,(anonymous_14)
FN:171,(anonymous_15)
FN:191,(anonymous_16)
FN:209,(anonymous_17)
FNF:9
FNH:9
FNDA:7,(anonymous_9)
FNDA:7,(anonymous_10)
FNDA:5,(anonymous_11)
FNDA:5,(anonymous_12)
FNDA:5,(anonymous_13)
FNDA:5,(anonymous_14)
FNDA:7,(anonymous_15)
FNDA:7,(anonymous_16)
FNDA:7,(anonymous_17)
DA:1,1
DA:2,1
DA:3,1
DA:15,1
DA:37,1
DA:50,7
DA:51,7
DA:52,7
DA:53,7
DA:54,7
DA:55,7
DA:58,7
DA:59,7
DA:61,2
DA:62,2
DA:66,2
DA:70,5
DA:72,1
DA:76,1
DA:80,1
DA:85,1
DA:86,1
DA:90,4
DA:91,4
DA:95,4
DA:103,7
DA:104,5
DA:105,0
DA:113,7
DA:114,5
DA:115,0
DA:130,5
DA:138,7
DA:139,5
DA:140,5
DA:147,7
DA:148,5
DA:149,0
DA:153,0
DA:154,0
DA:158,0
DA:163,5
DA:171,7
DA:172,7
DA:180,7
DA:191,7
DA:192,7
DA:198,7
DA:209,7
DA:210,7
DA:217,7
DA:224,7
DA:231,7
DA:252,1
LF:54
LH:48
BRDA:39,0,0,4
BRDA:40,1,0,5
BRDA:41,2,0,7
BRDA:42,3,0,6
BRDA:43,4,0,6
BRDA:44,5,0,7
BRDA:45,6,0,7
BRDA:59,7,0,2
BRDA:59,7,1,5
BRDA:59,8,0,7
BRDA:59,8,1,2
BRDA:70,9,0,1
BRDA:70,9,1,4
BRDA:85,10,0,1
BRDA:104,11,0,0
BRDA:104,12,0,5
BRDA:104,12,1,0
BRDA:114,13,0,0
BRDA:114,13,1,5
BRDA:114,14,0,5
BRDA:114,14,1,0
BRDA:139,15,0,5
BRDA:139,15,1,0
BRDA:148,16,0,0
BRDA:148,16,1,5
BRDA:172,17,0,2
BRDA:172,17,1,5
BRDA:174,18,0,1
BRDA:174,18,1,4
BRDA:176,19,0,0
BRDA:176,19,1,4
BRDA:192,20,0,2
BRDA:192,20,1,5
BRDA:194,21,0,1
BRDA:194,21,1,4
BRDA:227,22,0,1
BRDA:227,22,1,6
BRDA:241,23,0,7
BRDA:241,23,1,1
BRF:39
BRH:32
end_of_record
TN:
SF:src\animations\hooks\useAnimations.ts
FN:20,(anonymous_0)
FN:30,(anonymous_1)
FN:35,(anonymous_2)
FN:40,(anonymous_3)
FN:45,(anonymous_4)
FN:54,(anonymous_5)
FN:59,(anonymous_6)
FN:64,(anonymous_7)
FN:72,(anonymous_8)
FN:80,(anonymous_9)
FN:85,(anonymous_10)
FN:90,(anonymous_11)
FN:109,(anonymous_12)
FN:119,(anonymous_13)
FNF:14
FNH:0
FNDA:0,(anonymous_0)
FNDA:0,(anonymous_1)
FNDA:0,(anonymous_2)
FNDA:0,(anonymous_3)
FNDA:0,(anonymous_4)
FNDA:0,(anonymous_5)
FNDA:0,(anonymous_6)
FNDA:0,(anonymous_7)
FNDA:0,(anonymous_8)
FNDA:0,(anonymous_9)
FNDA:0,(anonymous_10)
FNDA:0,(anonymous_11)
FNDA:0,(anonymous_12)
FNDA:0,(anonymous_13)
DA:1,0
DA:2,0
DA:3,0
DA:10,0
DA:20,0
DA:22,0
DA:23,0
DA:24,0
DA:25,0
DA:26,0
DA:27,0
DA:30,0
DA:31,0
DA:35,0
DA:36,0
DA:40,0
DA:41,0
DA:45,0
DA:50,0
DA:54,0
DA:55,0
DA:59,0
DA:60,0
DA:64,0
DA:65,0
DA:72,0
DA:73,0
DA:80,0
DA:81,0
DA:85,0
DA:86,0
DA:90,0
DA:95,0
DA:96,0
DA:97,0
DA:99,0
DA:100,0
DA:101,0
DA:103,0
DA:104,0
DA:109,0
DA:110,0
DA:111,0
DA:112,0
DA:113,0
DA:114,0
DA:115,0
DA:119,0
DA:130,0
LF:49
LH:0
BRDA:46,0,0,0
BRDA:47,1,0,0
BRDA:54,2,0,0
BRDA:59,3,0,0
BRDA:64,4,0,0
BRDA:72,5,0,0
BRDA:80,6,0,0
BRDA:85,7,0,0
BRDA:91,8,0,0
BRDA:92,9,0,0
BRDA:93,10,0,0
BRDA:95,11,0,0
BRDA:95,11,1,0
BRDA:96,12,0,0
BRDA:96,12,1,0
BRDA:97,13,0,0
BRDA:97,13,1,0
BRDA:99,14,0,0
BRDA:99,14,1,0
BRF:19
BRH:0
end_of_record
TN:
SF:src\animations\hooks\useSpringAnimation.ts
FN:12,(anonymous_0)
FN:18,(anonymous_1)
FN:27,(anonymous_2)
FN:31,(anonymous_3)
FN:35,(anonymous_4)
FN:39,(anonymous_5)
FN:43,(anonymous_6)
FNF:7
FNH:0
FNDA:0,(anonymous_0)
FNDA:0,(anonymous_1)
FNDA:0,(anonymous_2)
FNDA:0,(anonymous_3)
FNDA:0,(anonymous_4)
FNDA:0,(anonymous_5)
FNDA:0,(anonymous_6)
DA:1,0
DA:2,0
DA:3,0
DA:12,0
DA:16,0
DA:18,0
DA:23,0
DA:24,0
DA:27,0
DA:31,0
DA:35,0
DA:39,0
DA:43,0
DA:47,0
LF:14
LH:0
BRDA:13,0,0,0
BRDA:14,1,0,0
BRDA:23,2,0,0
BRDA:23,2,1,0
BRF:4
BRH:0
end_of_record
TN:
SF:src\animations\hooks\useTimingAnimation.ts
FN:11,(anonymous_0)
FN:20,(anonymous_1)
FN:29,(anonymous_2)
FN:33,(anonymous_3)
FN:37,(anonymous_4)
FN:41,(anonymous_5)
FN:45,(anonymous_6)
FN:49,(anonymous_7)
FN:53,(anonymous_8)
FNF:9
FNH:0
FNDA:0,(anonymous_0)
FNDA:0,(anonymous_1)
FNDA:0,(anonymous_2)
FNDA:0,(anonymous_3)
FNDA:0,(anonymous_4)
FNDA:0,(anonymous_5)
FNDA:0,(anonymous_6)
FNDA:0,(anonymous_7)
FNDA:0,(anonymous_8)
DA:1,0
DA:2,0
DA:3,0
DA:11,0
DA:18,0
DA:20,0
DA:25,0
DA:26,0
DA:29,0
DA:33,0
DA:37,0
DA:41,0
DA:45,0
DA:49,0
DA:53,0
DA:57,0
LF:16
LH:0
BRDA:12,0,0,0
BRDA:13,1,0,0
BRF:2
BRH:0
end_of_record
TN:
SF:src\components\OfflineIndicator.tsx
FN:5,(anonymous_1)
FN:18,(anonymous_2)
FN:28,(anonymous_3)
FNF:3
FNH:0
FNDA:0,(anonymous_1)
FNDA:0,(anonymous_2)
FNDA:0,(anonymous_3)
DA:1,0
DA:2,0
DA:3,0
DA:5,0
DA:12,0
DA:14,0
DA:15,0
DA:18,0
DA:19,0
DA:20,0
DA:21,0
DA:22,0
DA:23,0
DA:24,0
DA:28,0
DA:29,0
DA:30,0
DA:31,0
DA:32,0
DA:33,0
DA:34,0
DA:38,0
DA:55,0
LF:23
LH:0
BRDA:14,0,0,0
BRDA:14,1,0,0
BRDA:14,1,1,0
BRDA:14,1,2,0
BRDA:14,1,3,0
BRDA:19,2,0,0
BRDA:19,2,1,0
BRDA:19,2,2,0
BRDA:19,2,3,0
BRDA:19,2,4,0
BRDA:29,3,0,0
BRDA:29,3,1,0
BRDA:29,3,2,0
BRDA:29,3,3,0
BRDA:29,3,4,0
BRDA:42,4,0,0
BRDA:42,4,1,0
BRDA:46,5,0,0
BRDA:46,5,1,0
BRDA:46,5,2,0
BRF:20
BRH:0
end_of_record
TN:
SF:src\components\index.ts
FNF:0
FNH:0
DA:2,0
DA:3,0
DA:4,0
LF:3
LH:0
BRF:0
BRH:0
end_of_record
TN:
SF:src\components\auth\BiometricLogin.tsx
FN:15,(anonymous_9)
FN:20,(anonymous_10)
FN:24,(anonymous_11)
FN:33,(anonymous_12)
FN:43,(anonymous_13)
FN:53,(anonymous_14)
FNF:6
FNH:1
FNDA:15,(anonymous_9)
FNDA:0,(anonymous_10)
FNDA:0,(anonymous_11)
FNDA:0,(anonymous_12)
FNDA:0,(anonymous_13)
FNDA:0,(anonymous_14)
DA:1,2
DA:2,2
DA:9,2
DA:10,2
DA:12,2
DA:13,2
DA:15,2
DA:16,15
DA:17,14
DA:18,14
DA:20,0
DA:21,0
DA:24,0
DA:25,0
DA:26,0
DA:27,0
DA:29,0
DA:33,0
DA:34,0
DA:35,0
DA:37,0
DA:38,0
DA:40,0
DA:43,0
DA:44,0
DA:45,0
DA:47,0
DA:48,0
DA:50,0
DA:53,0
DA:54,0
DA:55,0
DA:58,0
DA:63,0
DA:64,0
DA:69,0
DA:73,0
DA:80,0
DA:82,0
DA:86,0
DA:88,0
DA:91,0
DA:98,0
DA:99,0
DA:105,0
DA:109,0
DA:110,0
DA:113,0
DA:133,2
LF:49
LH:11
BRDA:34,0,0,0
BRDA:37,1,0,0
BRDA:44,2,0,0
BRDA:47,3,0,0
BRDA:63,4,0,0
BRDA:80,5,0,0
BRDA:80,5,1,0
BRDA:86,6,0,0
BRDA:86,6,1,0
BRDA:88,7,0,0
BRDA:88,7,1,0
BRDA:109,8,0,0
BRDA:116,9,0,0
BRDA:116,9,1,0
BRDA:123,10,0,0
BRDA:123,10,1,0
BRDA:125,11,0,0
BRDA:125,11,1,0
BRDA:126,12,0,0
BRDA:126,12,1,0
BRF:20
BRH:0
end_of_record
TN:
SF:src\components\auth\ForgotPasswordForm.tsx
FN:19,(anonymous_9)
FN:27,(anonymous_10)
FN:46,(anonymous_11)
FN:56,(anonymous_12)
FN:87,(anonymous_13)
FNF:5
FNH:0
FNDA:0,(anonymous_9)
FNDA:0,(anonymous_10)
FNDA:0,(anonymous_11)
FNDA:0,(anonymous_12)
FNDA:0,(anonymous_13)
DA:1,1
DA:2,1
DA:9,1
DA:11,1
DA:12,1
DA:13,1
DA:19,1
DA:22,0
DA:23,0
DA:24,0
DA:25,0
DA:27,0
DA:28,0
DA:29,0
DA:30,0
DA:33,0
DA:34,0
DA:35,0
DA:38,0
DA:39,0
DA:41,0
DA:46,0
DA:48,0
DA:50,0
DA:52,0
DA:56,0
DA:57,0
DA:58,0
DA:59,0
DA:63,0
DA:64,0
DA:88,0
DA:89,0
DA:100,0
DA:141,1
LF:35
LH:8
BRDA:28,0,0,0
BRDA:33,1,0,0
BRDA:58,2,0,0
BRDA:63,3,0,0
BRDA:120,4,0,0
BRDA:120,4,1,0
BRDA:124,5,0,0
BRDA:124,5,1,0
BRF:8
BRH:0
end_of_record
TN:
SF:src\components\auth\LoginForm.tsx
FN:21,(anonymous_9)
FN:32,(anonymous_10)
FN:49,(anonymous_11)
FN:59,(anonymous_12)
FN:62,(anonymous_13)
FN:66,(anonymous_14)
FN:69,(anonymous_15)
FN:101,(anonymous_16)
FNF:8
FNH:1
FNDA:36,(anonymous_9)
FNDA:0,(anonymous_10)
FNDA:0,(anonymous_11)
FNDA:0,(anonymous_12)
FNDA:0,(anonymous_13)
FNDA:0,(anonymous_14)
FNDA:0,(anonymous_15)
FNDA:0,(anonymous_16)
DA:1,3
DA:2,3
DA:9,3
DA:11,3
DA:12,3
DA:13,3
DA:14,3
DA:21,3
DA:25,36
DA:26,36
DA:27,36
DA:28,36
DA:30,36
DA:32,36
DA:33,0
DA:35,0
DA:36,0
DA:37,0
DA:38,0
DA:41,0
DA:42,0
DA:45,0
DA:46,0
DA:49,36
DA:50,0
DA:52,0
DA:53,0
DA:55,0
DA:59,36
DA:60,0
DA:61,0
DA:62,0
DA:66,36
DA:67,0
DA:68,0
DA:69,0
DA:73,36
DA:101,0
DA:143,3
LF:39
LH:19
BRDA:35,0,0,0
BRDA:35,0,1,0
BRDA:37,1,0,0
BRDA:41,2,0,0
BRDA:50,3,0,0
BRDA:61,4,0,0
BRDA:68,5,0,0
BRDA:85,6,0,36
BRDA:85,6,1,0
BRDA:104,7,0,0
BRDA:104,7,1,36
BRDA:110,8,0,36
BRDA:110,8,1,0
BRDA:113,9,0,36
BRDA:113,9,1,0
BRDA:127,10,0,0
BRDA:127,10,1,36
BRF:17
BRH:5
end_of_record
TN:
SF:src\components\auth\OnboardingFlow.tsx
FN:32,(anonymous_9)
FN:101,(anonymous_10)
FN:121,(anonymous_11)
FN:139,(anonymous_12)
FN:143,(anonymous_13)
FN:187,(anonymous_14)
FNF:6
FNH:0
FNDA:0,(anonymous_9)
FNDA:0,(anonymous_10)
FNDA:0,(anonymous_11)
FNDA:0,(anonymous_12)
FNDA:0,(anonymous_13)
FNDA:0,(anonymous_14)
DA:1,1
DA:2,1
DA:11,1
DA:12,1
DA:14,1
DA:17,1
DA:32,1
DA:36,0
DA:37,0
DA:38,0
DA:40,0
DA:101,0
DA:102,0
DA:103,0
DA:104,0
DA:105,0
DA:111,0
DA:117,0
DA:121,0
DA:122,0
DA:123,0
DA:124,0
DA:125,0
DA:131,0
DA:139,0
DA:140,0
DA:143,0
DA:145,0
DA:152,0
DA:188,0
DA:229,1
LF:31
LH:8
BRDA:43,0,0,0
BRDA:43,0,1,0
BRDA:102,1,0,0
BRDA:102,1,1,0
BRDA:122,2,0,0
BRDA:197,3,0,0
BRDA:197,3,1,0
BRDA:209,4,0,0
BRDA:209,4,1,0
BRDA:218,5,0,0
BRDA:218,5,1,0
BRF:11
BRH:0
end_of_record
TN:
SF:src\components\auth\RegisterForm.tsx
FN:21,(anonymous_9)
FN:38,(anonymous_10)
FN:76,(anonymous_11)
FN:92,(anonymous_12)
FN:93,(anonymous_13)
FN:101,(anonymous_14)
FN:130,(anonymous_15)
FN:142,(anonymous_16)
FN:156,(anonymous_17)
FN:165,(anonymous_18)
FN:199,(anonymous_19)
FN:208,(anonymous_20)
FN:222,(anonymous_21)
FNF:13
FNH:2
FNDA:28,(anonymous_9)
FNDA:0,(anonymous_10)
FNDA:0,(anonymous_11)
FNDA:0,(anonymous_12)
FNDA:0,(anonymous_13)
FNDA:28,(anonymous_14)
FNDA:0,(anonymous_15)
FNDA:0,(anonymous_16)
FNDA:0,(anonymous_17)
FNDA:0,(anonymous_18)
FNDA:0,(anonymous_19)
FNDA:0,(anonymous_20)
FNDA:0,(anonymous_21)
DA:1,3
DA:2,3
DA:9,3
DA:11,3
DA:12,3
DA:13,3
DA:14,3
DA:21,3
DA:25,28
DA:31,28
DA:32,28
DA:33,28
DA:34,28
DA:36,28
DA:38,28
DA:39,0
DA:42,0
DA:43,0
DA:44,0
DA:48,0
DA:49,0
DA:50,0
DA:51,0
DA:55,0
DA:56,0
DA:57,0
DA:61,0
DA:62,0
DA:63,0
DA:64,0
DA:68,0
DA:69,0
DA:72,0
DA:73,0
DA:76,28
DA:77,0
DA:79,0
DA:80,0
DA:86,0
DA:88,0
DA:92,28
DA:93,0
DA:94,0
DA:95,0
DA:96,0
DA:97,0
DA:101,28
DA:102,28
DA:104,0
DA:105,0
DA:106,0
DA:107,0
DA:108,0
DA:109,0
DA:111,0
DA:120,0
DA:123,28
DA:125,28
DA:130,0
DA:142,0
DA:156,0
DA:165,0
DA:199,0
DA:208,0
DA:222,0
DA:261,3
LF:66
LH:22
BRDA:43,0,0,0
BRDA:48,1,0,0
BRDA:48,1,1,0
BRDA:50,2,0,0
BRDA:56,3,0,0
BRDA:61,4,0,0
BRDA:61,4,1,0
BRDA:63,5,0,0
BRDA:68,6,0,0
BRDA:77,7,0,0
BRDA:94,8,0,0
BRDA:102,9,0,28
BRDA:105,10,0,0
BRDA:106,11,0,0
BRDA:107,12,0,0
BRDA:108,13,0,0
BRDA:109,14,0,0
BRDA:136,15,0,28
BRDA:136,15,1,0
BRDA:149,16,0,28
BRDA:149,16,1,0
BRDA:168,17,0,0
BRDA:168,17,1,28
BRDA:174,18,0,28
BRDA:174,18,1,0
BRDA:192,19,0,28
BRDA:192,19,1,0
BRDA:211,20,0,0
BRDA:211,20,1,28
BRDA:217,21,0,28
BRDA:217,21,1,0
BRDA:224,22,0,28
BRDA:224,22,1,0
BRDA:225,23,0,28
BRDA:225,23,1,0
BRDA:236,24,0,28
BRDA:236,24,1,0
BRDA:238,25,0,28
BRDA:238,25,1,0
BRDA:245,26,0,0
BRDA:245,26,1,28
BRF:41
BRH:13
end_of_record
TN:
SF:src\components\auth\SocialLoginButtons.tsx
FN:23,(anonymous_9)
FN:73,(anonymous_10)
FN:82,(anonymous_11)
FN:91,(anonymous_12)
FN:117,(anonymous_13)
FN:136,(anonymous_14)
FN:147,(anonymous_15)
FNF:7
FNH:0
FNDA:0,(anonymous_9)
FNDA:0,(anonymous_10)
FNDA:0,(anonymous_11)
FNDA:0,(anonymous_12)
FNDA:0,(anonymous_13)
FNDA:0,(anonymous_14)
FNDA:0,(anonymous_15)
DA:1,1
DA:2,1
DA:10,1
DA:11,1
DA:12,1
DA:14,1
DA:17,1
DA:23,1
DA:26,0
DA:27,0
DA:28,0
DA:31,0
DA:42,0
DA:58,0
DA:73,0
DA:74,0
DA:75,0
DA:76,0
DA:77,0
DA:78,0
DA:82,0
DA:83,0
DA:84,0
DA:85,0
DA:86,0
DA:87,0
DA:91,0
DA:92,0
DA:93,0
DA:95,0
DA:98,0
DA:101,0
DA:107,0
DA:110,0
DA:111,0
DA:113,0
DA:117,0
DA:118,0
DA:119,0
DA:121,0
DA:126,0
DA:129,0
DA:130,0
DA:132,0
DA:136,0
DA:137,0
DA:138,0
DA:139,0
DA:141,0
DA:142,0
DA:143,0
DA:147,0
DA:148,0
DA:149,0
DA:150,0
DA:152,0
DA:153,0
DA:154,0
DA:158,0
DA:187,1
LF:60
LH:9
BRDA:74,0,0,0
BRDA:74,0,1,0
BRDA:76,1,0,0
BRDA:83,2,0,0
BRDA:83,2,1,0
BRDA:85,3,0,0
BRDA:93,4,0,0
BRDA:119,5,0,0
BRDA:163,6,0,0
BRDA:163,6,1,0
BRDA:167,7,0,0
BRDA:167,7,1,0
BRDA:171,8,0,0
BRDA:171,8,1,0
BRDA:175,9,0,0
BRDA:175,9,1,0
BRDA:179,10,0,0
BRDA:179,10,1,0
BRF:18
BRH:0
end_of_record
TN:
SF:src\components\auth\index.ts
FN:1,(anonymous_0)
FN:2,(anonymous_1)
FN:3,(anonymous_2)
FN:4,(anonymous_3)
FN:5,(anonymous_4)
FN:6,(anonymous_5)
FNF:6
FNH:0
FNDA:0,(anonymous_0)
FNDA:0,(anonymous_1)
FNDA:0,(anonymous_2)
FNDA:0,(anonymous_3)
FNDA:0,(anonymous_4)
FNDA:0,(anonymous_5)
DA:1,0
DA:2,0
DA:3,0
DA:4,0
DA:5,0
DA:6,0
LF:6
LH:0
BRF:0
BRH:0
end_of_record
TN:
SF:src\components\friends\FriendInviteModal.tsx
FN:26,(anonymous_9)
FN:36,(anonymous_10)
FN:37,(anonymous_11)
FN:52,(anonymous_12)
FN:60,(anonymous_13)
FN:89,(anonymous_14)
FN:106,(anonymous_15)
FN:115,(anonymous_16)
FN:139,(anonymous_17)
FNF:9
FNH:5
FNDA:6,(anonymous_9)
FNDA:0,(anonymous_10)
FNDA:0,(anonymous_11)
FNDA:0,(anonymous_12)
FNDA:10,(anonymous_13)
FNDA:0,(anonymous_14)
FNDA:10,(anonymous_15)
FNDA:10,(anonymous_16)
FNDA:15,(anonymous_17)
DA:1,1
DA:2,1
DA:10,1
DA:11,1
DA:12,1
DA:13,1
DA:17,1
DA:26,1
DA:32,6
DA:33,6
DA:34,6
DA:36,6
DA:37,0
DA:39,0
DA:40,0
DA:42,0
DA:47,0
DA:52,0
DA:53,0
DA:54,0
DA:55,0
DA:60,6
DA:61,10
DA:62,10
DA:64,10
DA:89,0
DA:106,6
DA:107,10
DA:108,5
DA:109,5
DA:110,0
DA:111,0
DA:115,6
DA:116,10
DA:117,5
DA:118,5
DA:119,0
DA:120,0
DA:124,6
DA:139,15
DA:157,1
LF:41
LH:27
BRDA:30,0,0,0
BRDA:48,1,0,0
BRDA:48,1,1,0
BRDA:62,2,0,10
BRDA:62,2,1,5
BRDA:87,3,0,10
BRDA:87,3,1,5
BRDA:92,4,0,0
BRDA:92,4,1,10
BRDA:98,5,0,5
BRDA:98,5,1,5
BRDA:107,6,0,5
BRDA:107,6,1,5
BRDA:107,6,2,0
BRDA:107,6,3,0
BRDA:116,7,0,5
BRDA:116,7,1,5
BRDA:116,7,2,0
BRDA:116,7,3,0
BRDA:135,8,0,5
BRDA:135,8,1,1
BRF:21
BRH:13
end_of_record
TN:
SF:src\components\friends\index.ts
FNF:0
FNH:0
DA:1,0
LF:1
LH:0
BRF:0
BRH:0
end_of_record
TN:
SF:src\components\game\AchievementCard.tsx
FN:23,(anonymous_9)
FN:42,(anonymous_10)
FN:82,(anonymous_11)
FN:89,(anonymous_12)
FN:100,(anonymous_13)
FN:118,(anonymous_14)
FN:134,(anonymous_15)
FNF:7
FNH:0
FNDA:0,(anonymous_9)
FNDA:0,(anonymous_10)
FNDA:0,(anonymous_11)
FNDA:0,(anonymous_12)
FNDA:0,(anonymous_13)
FNDA:0,(anonymous_14)
FNDA:0,(anonymous_15)
DA:1,1
DA:2,1
DA:3,1
DA:23,1
DA:32,0
DA:33,0
DA:34,0
DA:35,0
DA:38,0
DA:39,0
DA:40,0
DA:42,0
DA:43,0
DA:45,0
DA:46,0
DA:49,0
DA:50,0
DA:56,0
DA:57,0
DA:65,0
DA:66,0
DA:67,0
DA:82,0
DA:83,0
DA:89,0
DA:90,0
DA:100,0
DA:101,0
DA:118,0
DA:119,0
DA:121,0
DA:123,0
DA:125,0
DA:127,0
DA:129,0
DA:134,0
DA:135,0
DA:137,0
DA:144,0
DA:151,0
DA:160,0
DA:161,0
DA:163,0
DA:244,1
LF:44
LH:5
BRDA:25,0,0,0
BRDA:26,1,0,0
BRDA:27,2,0,0
BRDA:28,3,0,0
BRDA:29,4,0,0
BRDA:38,5,0,0
BRDA:38,5,1,0
BRDA:39,6,0,0
BRDA:39,6,1,0
BRDA:40,7,0,0
BRDA:40,7,1,0
BRDA:43,8,0,0
BRDA:43,8,1,0
BRDA:49,9,0,0
BRDA:56,10,0,0
BRDA:67,11,0,0
BRDA:67,11,1,0
BRDA:119,12,0,0
BRDA:119,12,1,0
BRDA:119,12,2,0
BRDA:119,12,3,0
BRDA:119,12,4,0
BRDA:135,13,0,0
BRDA:135,13,1,0
BRDA:135,13,2,0
BRDA:167,14,0,0
BRDA:167,14,1,0
BRDA:170,15,0,0
BRDA:170,15,1,0
BRDA:177,16,0,0
BRDA:177,16,1,0
BRDA:187,17,0,0
BRDA:187,17,1,0
BRDA:194,18,0,0
BRDA:194,18,1,0
BRDA:200,19,0,0
BRDA:200,19,1,0
BRDA:200,19,2,0
BRDA:218,20,0,0
BRDA:218,20,1,0
BRDA:218,20,2,0
BRDA:220,21,0,0
BRDA:220,21,1,0
BRDA:225,22,0,0
BRDA:225,22,1,0
BRDA:235,23,0,0
BRDA:235,23,1,0
BRF:47
BRH:0
end_of_record
TN:
SF:src\components\game\AchievementNotification.tsx
FN:24,(anonymous_9)
FN:38,(anonymous_10)
FN:59,(anonymous_11)
FN:66,(anonymous_12)
FN:71,(anonymous_13)
FN:84,(anonymous_14)
FN:94,(anonymous_15)
FN:111,(anonymous_16)
FN:118,(anonymous_17)
FN:133,(anonymous_18)
FNF:10
FNH:0
FNDA:0,(anonymous_9)
FNDA:0,(anonymous_10)
FNDA:0,(anonymous_11)
FNDA:0,(anonymous_12)
FNDA:0,(anonymous_13)
FNDA:0,(anonymous_14)
FNDA:0,(anonymous_15)
FNDA:0,(anonymous_16)
FNDA:0,(anonymous_17)
FNDA:0,(anonymous_18)
DA:1,1
DA:2,1
DA:3,1
DA:22,1
DA:24,1
DA:30,0
DA:31,0
DA:32,0
DA:33,0
DA:34,0
DA:36,0
DA:38,0
DA:40,0
DA:41,0
DA:42,0
DA:45,0
DA:53,0
DA:59,0
DA:61,0
DA:62,0
DA:63,0
DA:66,0
DA:67,0
DA:71,0
DA:84,0
DA:85,0
DA:94,0
DA:95,0
DA:111,0
DA:112,0
DA:118,0
DA:119,0
DA:121,0
DA:123,0
DA:125,0
DA:127,0
DA:129,0
DA:133,0
DA:134,0
DA:136,0
DA:138,0
DA:140,0
DA:142,0
DA:144,0
DA:148,0
DA:149,0
DA:151,0
DA:227,1
LF:48
LH:6
BRDA:27,0,0,0
BRDA:119,1,0,0
BRDA:119,1,1,0
BRDA:119,1,2,0
BRDA:119,1,3,0
BRDA:119,1,4,0
BRDA:134,2,0,0
BRDA:134,2,1,0
BRDA:134,2,2,0
BRDA:134,2,3,0
BRDA:134,2,4,0
BRDA:200,3,0,0
BRDA:200,3,1,0
BRDA:202,4,0,0
BRDA:202,4,1,0
BRDA:207,5,0,0
BRDA:207,5,1,0
BRF:17
BRH:0
end_of_record
TN:
SF:src\components\game\ActionButtons.tsx
FN:19,(anonymous_1)
FN:32,(anonymous_2)
FN:52,(anonymous_3)
FN:70,(anonymous_4)
FN:91,(anonymous_5)
FN:104,(anonymous_6)
FN:138,(anonymous_7)
FN:178,(anonymous_8)
FN:206,(anonymous_9)
FNF:9
FNH:1
FNDA:72,(anonymous_1)
FNDA:0,(anonymous_2)
FNDA:0,(anonymous_3)
FNDA:0,(anonymous_4)
FNDA:0,(anonymous_5)
FNDA:0,(anonymous_6)
FNDA:0,(anonymous_7)
FNDA:0,(anonymous_8)
FNDA:0,(anonymous_9)
DA:1,2
DA:2,2
DA:4,2
DA:19,2
DA:31,72
DA:32,0
DA:33,0
DA:52,0
DA:53,0
DA:70,0
DA:71,0
DA:72,0
DA:91,0
DA:92,0
DA:94,0
DA:96,0
DA:98,0
DA:100,0
DA:104,0
DA:105,0
DA:109,0
DA:138,0
DA:139,0
DA:140,0
DA:159,0
DA:178,0
DA:179,0
DA:206,0
DA:207,0
DA:209,0
DA:211,0
DA:213,0
DA:215,0
DA:217,0
DA:219,0
DA:239,0
DA:246,2
LF:37
LH:6
BRDA:29,0,0,66
BRDA:34,1,0,0
BRDA:34,1,1,0
BRDA:38,2,0,0
BRDA:38,2,1,0
BRDA:71,3,0,0
BRDA:92,4,0,0
BRDA:92,4,1,0
BRDA:92,4,2,0
BRDA:92,4,3,0
BRDA:105,5,0,0
BRDA:105,5,1,0
BRDA:111,6,0,0
BRDA:111,6,1,0
BRDA:139,7,0,0
BRDA:183,8,0,0
BRDA:183,8,1,0
BRDA:187,9,0,0
BRDA:187,9,1,0
BRDA:191,10,0,0
BRDA:191,10,1,0
BRDA:207,11,0,0
BRDA:207,11,1,0
BRDA:207,11,2,0
BRDA:207,11,3,0
BRDA:207,11,4,0
BRDA:207,11,5,0
BRF:27
BRH:1
end_of_record
TN:
SF:src\components\game\ChatInterface.tsx
FN:20,(anonymous_9)
FN:30,(anonymous_10)
FN:32,(anonymous_11)
FN:39,(anonymous_12)
FN:42,(anonymous_13)
FN:56,(anonymous_14)
FN:57,(anonymous_15)
FN:64,(anonymous_16)
FN:71,(anonymous_17)
FN:82,(anonymous_18)
FN:106,(anonymous_19)
FNF:11
FNH:0
FNDA:0,(anonymous_9)
FNDA:0,(anonymous_10)
FNDA:0,(anonymous_11)
FNDA:0,(anonymous_12)
FNDA:0,(anonymous_13)
FNDA:0,(anonymous_14)
FNDA:0,(anonymous_15)
FNDA:0,(anonymous_16)
FNDA:0,(anonymous_17)
FNDA:0,(anonymous_18)
FNDA:0,(anonymous_19)
DA:1,1
DA:2,1
DA:20,1
DA:26,0
DA:27,0
DA:30,0
DA:31,0
DA:32,0
DA:33,0
DA:39,0
DA:40,0
DA:42,0
DA:43,0
DA:44,0
DA:45,0
DA:47,0
DA:56,0
DA:57,0
DA:58,0
DA:59,0
DA:64,0
DA:65,0
DA:71,0
DA:72,0
DA:74,0
DA:76,0
DA:78,0
DA:82,0
DA:83,0
DA:85,0
DA:87,0
DA:89,0
DA:93,0
DA:107,0
DA:109,0
DA:153,1
LF:36
LH:4
BRDA:22,0,0,0
BRDA:23,1,0,0
BRDA:24,2,0,0
BRDA:31,3,0,0
BRDA:31,4,0,0
BRDA:31,4,1,0
BRDA:40,5,0,0
BRDA:43,6,0,0
BRDA:58,7,0,0
BRDA:72,8,0,0
BRDA:72,8,1,0
BRDA:72,8,2,0
BRDA:83,9,0,0
BRDA:83,9,1,0
BRDA:83,9,2,0
BRDA:101,10,0,0
BRDA:101,10,1,0
BRDA:107,11,0,0
BRDA:107,11,1,0
BRDA:114,12,0,0
BRDA:114,12,1,0
BRDA:129,13,0,0
BRDA:129,13,1,0
BRDA:134,14,0,0
BRDA:134,14,1,0
BRF:25
BRH:0
end_of_record
TN:
SF:src\components\game\EliminationAnimation.tsx
FN:24,(anonymous_9)
FN:37,(anonymous_10)
FN:78,(anonymous_11)
FN:81,(anonymous_12)
FN:93,(anonymous_13)
FN:105,(anonymous_14)
FN:121,(anonymous_15)
FN:138,(anonymous_16)
FN:147,(anonymous_17)
FN:147,(anonymous_18)
FN:180,(anonymous_19)
FN:187,(anonymous_20)
FN:239,(anonymous_21)
FNF:13
FNH:12
FNDA:35,(anonymous_9)
FNDA:35,(anonymous_10)
FNDA:30,(anonymous_11)
FNDA:0,(anonymous_12)
FNDA:35,(anonymous_13)
FNDA:35,(anonymous_14)
FNDA:35,(anonymous_15)
FNDA:35,(anonymous_16)
FNDA:240,(anonymous_17)
FNDA:240,(anonymous_18)
FNDA:30,(anonymous_19)
FNDA:30,(anonymous_20)
FNDA:240,(anonymous_21)
DA:1,2
DA:2,2
DA:3,2
DA:16,2
DA:24,2
DA:30,35
DA:31,35
DA:32,35
DA:33,35
DA:34,35
DA:35,35
DA:37,35
DA:38,35
DA:40,30
DA:41,30
DA:42,30
DA:43,30
DA:44,30
DA:45,30
DA:48,30
DA:49,30
DA:53,30
DA:56,30
DA:65,30
DA:78,30
DA:79,30
DA:80,30
DA:81,30
DA:82,0
DA:83,0
DA:88,30
DA:93,35
DA:94,35
DA:105,35
DA:106,35
DA:121,35
DA:122,35
DA:138,35
DA:139,35
DA:147,240
DA:148,240
DA:149,240
DA:151,240
DA:176,35
DA:177,5
DA:180,30
DA:181,30
DA:182,4
DA:184,26
DA:187,30
DA:188,30
DA:190,4
DA:192,2
DA:194,1
DA:196,1
DA:199,22
DA:203,30
DA:240,240
DA:269,2
DA:271,2
LF:60
LH:58
BRDA:38,0,0,30
BRDA:38,1,0,35
BRDA:38,1,1,32
BRDA:82,2,0,0
BRDA:149,3,0,120
BRDA:149,3,1,120
BRDA:176,4,0,5
BRDA:176,5,0,35
BRDA:176,5,1,32
BRDA:181,6,0,4
BRDA:188,7,0,4
BRDA:188,7,1,2
BRDA:188,7,2,1
BRDA:188,7,3,1
BRDA:188,7,4,20
BRDA:188,7,5,22
BRDA:219,8,0,30
BRDA:219,8,1,29
BRDA:245,9,0,120
BRDA:245,9,1,120
BRF:20
BRH:19
end_of_record
TN:
SF:src\components\game\GameBoard.tsx
FN:9,(anonymous_1)
FNF:1
FNH:0
FNDA:0,(anonymous_1)
DA:1,1
DA:2,1
DA:9,1
DA:10,0
DA:18,1
LF:5
LH:4
BRF:0
BRH:0
end_of_record
TN:
SF:src\components\game\GamePhaseIndicator.tsx
FN:27,(anonymous_9)
FN:39,(anonymous_10)
FN:71,(anonymous_11)
FN:84,(anonymous_12)
FN:131,(anonymous_13)
FN:137,(anonymous_14)
FN:144,(anonymous_15)
FN:161,(anonymous_16)
FN:176,(anonymous_17)
FN:185,(anonymous_18)
FN:204,(anonymous_19)
FNF:11
FNH:11
FNDA:47,(anonymous_9)
FNDA:35,(anonymous_10)
FNDA:35,(anonymous_11)
FNDA:47,(anonymous_12)
FNDA:39,(anonymous_13)
FNDA:85,(anonymous_14)
FNDA:47,(anonymous_15)
FNDA:47,(anonymous_16)
FNDA:47,(anonymous_17)
FNDA:47,(anonymous_18)
FNDA:47,(anonymous_19)
DA:1,2
DA:2,2
DA:3,2
DA:14,2
DA:27,2
DA:34,47
DA:35,47
DA:36,47
DA:37,47
DA:39,47
DA:41,35
DA:47,35
DA:50,35
DA:51,35
DA:57,35
DA:58,3
DA:67,32
DA:71,47
DA:72,35
DA:74,22
DA:76,4
DA:78,2
DA:80,7
DA:84,47
DA:85,47
DA:87,3
DA:94,34
DA:101,4
DA:108,2
DA:115,3
DA:122,1
DA:131,47
DA:132,39
DA:133,39
DA:134,39
DA:137,47
DA:138,85
DA:139,81
DA:140,79
DA:144,47
DA:145,47
DA:147,46
DA:151,46
DA:152,0
DA:158,46
DA:161,47
DA:162,47
DA:164,46
DA:171,46
DA:176,47
DA:177,47
DA:179,46
DA:185,47
DA:186,47
DA:189,46
DA:196,46
DA:204,47
DA:205,47
DA:207,46
DA:223,47
DA:225,47
DA:288,2
LF:62
LH:61
BRDA:30,0,0,1
BRDA:31,1,0,33
BRDA:47,2,0,35
BRDA:47,2,1,3
BRDA:47,2,2,3
BRDA:57,3,0,3
BRDA:57,3,1,32
BRDA:72,4,0,22
BRDA:72,4,1,4
BRDA:72,4,2,2
BRDA:72,4,3,7
BRDA:85,5,0,3
BRDA:85,5,1,34
BRDA:85,5,2,4
BRDA:85,5,3,2
BRDA:85,5,4,3
BRDA:85,5,5,1
BRDA:138,6,0,4
BRDA:139,7,0,2
BRDA:145,8,0,1
BRDA:151,9,0,0
BRDA:162,10,0,1
BRDA:177,11,0,1
BRDA:186,12,0,1
BRDA:192,13,0,4
BRDA:192,13,1,42
BRDA:205,14,0,1
BRDA:209,15,0,6
BRDA:209,15,1,40
BRDA:209,16,0,46
BRDA:209,16,1,42
BRDA:215,17,0,6
BRDA:215,17,1,40
BRDA:215,18,0,46
BRDA:215,18,1,42
BRDA:246,19,0,47
BRDA:246,19,1,44
BRDA:246,19,2,41
BRDA:246,19,3,39
BRDA:256,20,0,47
BRDA:256,20,1,44
BRDA:256,20,2,41
BRDA:256,20,3,39
BRDA:272,21,0,47
BRDA:272,21,1,4
BRDA:278,22,0,47
BRDA:278,22,1,2
BRF:47
BRH:46
end_of_record
TN:
SF:src\components\game\PlayerCard.tsx
FN:40,(anonymous_9)
FN:56,(anonymous_10)
FN:63,(anonymous_11)
FN:84,(anonymous_12)
FN:89,(anonymous_13)
FN:105,(anonymous_14)
FN:121,(anonymous_15)
FN:138,(anonymous_16)
FN:144,(anonymous_17)
FN:150,(anonymous_18)
FN:158,(anonymous_19)
FN:162,(anonymous_20)
FN:178,(anonymous_21)
FNF:13
FNH:8
FNDA:48,(anonymous_9)
FNDA:0,(anonymous_10)
FNDA:48,(anonymous_11)
FNDA:48,(anonymous_12)
FNDA:48,(anonymous_13)
FNDA:48,(anonymous_14)
FNDA:48,(anonymous_15)
FNDA:0,(anonymous_16)
FNDA:0,(anonymous_17)
FNDA:48,(anonymous_18)
FNDA:48,(anonymous_19)
FNDA:0,(anonymous_20)
FNDA:0,(anonymous_21)
DA:1,2
DA:2,2
DA:3,2
DA:14,2
DA:40,2
DA:50,48
DA:51,48
DA:52,48
DA:53,48
DA:56,48
DA:57,0
DA:58,0
DA:59,0
DA:63,48
DA:64,48
DA:67,48
DA:68,0
DA:72,48
DA:73,12
DA:77,36
DA:78,0
DA:81,36
DA:84,48
DA:85,48
DA:86,0
DA:89,48
DA:90,48
DA:92,48
DA:105,48
DA:106,48
DA:108,48
DA:121,48
DA:122,48
DA:124,0
DA:125,0
DA:138,48
DA:139,0
DA:140,0
DA:144,48
DA:145,0
DA:146,0
DA:150,48
DA:151,48
DA:152,48
DA:153,48
DA:154,48
DA:155,48
DA:158,48
DA:159,48
DA:162,48
DA:163,0
DA:165,0
DA:167,0
DA:169,0
DA:171,0
DA:174,0
DA:178,48
DA:179,0
DA:181,0
DA:183,0
DA:185,0
DA:187,0
DA:189,0
DA:191,0
DA:195,48
DA:196,48
DA:198,48
DA:294,2
LF:68
LH:43
BRDA:42,0,0,48
BRDA:43,1,0,0
BRDA:44,2,0,0
BRDA:45,3,0,36
BRDA:47,4,0,0
BRDA:64,5,0,0
BRDA:67,6,0,0
BRDA:72,7,0,12
BRDA:77,8,0,0
BRDA:85,9,0,48
BRDA:85,10,0,48
BRDA:85,10,1,48
BRDA:90,11,0,0
BRDA:93,12,0,0
BRDA:93,12,1,48
BRDA:97,13,0,0
BRDA:97,13,1,48
BRDA:106,14,0,0
BRDA:109,15,0,0
BRDA:109,15,1,48
BRDA:113,16,0,0
BRDA:113,16,1,48
BRDA:122,17,0,48
BRDA:122,18,0,48
BRDA:122,18,1,48
BRDA:124,19,0,0
BRDA:124,19,1,0
BRDA:126,20,0,0
BRDA:126,20,1,0
BRDA:130,21,0,0
BRDA:130,21,1,0
BRDA:139,22,0,0
BRDA:139,23,0,0
BRDA:139,23,1,0
BRDA:139,23,2,0
BRDA:145,24,0,0
BRDA:145,25,0,0
BRDA:145,25,1,0
BRDA:151,26,0,0
BRDA:152,27,0,0
BRDA:153,28,0,0
BRDA:154,29,0,0
BRDA:154,30,0,48
BRDA:154,30,1,0
BRDA:154,30,2,0
BRDA:163,31,0,0
BRDA:163,31,1,0
BRDA:163,31,2,0
BRDA:163,31,3,0
BRDA:163,31,4,0
BRDA:163,31,5,0
BRDA:179,32,0,0
BRDA:179,32,1,0
BRDA:179,32,2,0
BRDA:179,32,3,0
BRDA:179,32,4,0
BRDA:179,32,5,0
BRDA:196,33,0,12
BRDA:196,33,1,36
BRDA:204,34,0,48
BRDA:204,34,1,48
BRDA:210,35,0,48
BRDA:210,35,1,0
BRDA:210,35,2,0
BRDA:225,36,0,48
BRDA:225,36,1,0
BRDA:225,36,2,0
BRDA:239,37,0,48
BRDA:239,37,1,12
BRDA:245,38,0,48
BRDA:245,38,1,0
BRDA:245,38,2,0
BRDA:248,39,0,0
BRDA:248,39,1,0
BRDA:252,40,0,0
BRDA:252,40,1,0
BRDA:254,41,0,0
BRDA:254,41,1,0
BRDA:262,42,0,48
BRDA:262,42,1,0
BRDA:269,43,0,48
BRDA:269,43,1,0
BRDA:276,44,0,48
BRDA:276,44,1,0
BRDA:279,45,0,0
BRDA:279,45,1,0
BRDA:279,45,2,0
BRDA:285,46,0,48
BRDA:285,46,1,0
BRF:89
BRH:27
end_of_record
TN:
SF:src\components\game\StatisticsChart.tsx
FN:22,(anonymous_10)
FN:30,(anonymous_11)
FN:39,(anonymous_12)
FN:40,(anonymous_13)
FN:66,(anonymous_14)
FN:73,(anonymous_15)
FN:81,(anonymous_16)
FN:84,(anonymous_17)
FN:201,(anonymous_18)
FNF:9
FNH:0
FNDA:0,(anonymous_10)
FNDA:0,(anonymous_11)
FNDA:0,(anonymous_12)
FNDA:0,(anonymous_13)
FNDA:0,(anonymous_14)
FNDA:0,(anonymous_15)
FNDA:0,(anonymous_16)
FNDA:0,(anonymous_17)
FNDA:0,(anonymous_18)
DA:1,1
DA:2,1
DA:3,1
DA:19,1
DA:20,1
DA:22,1
DA:28,0
DA:30,0
DA:31,0
DA:32,0
DA:34,0
DA:39,0
DA:40,0
DA:41,0
DA:42,0
DA:44,0
DA:62,0
DA:63,0
DA:66,0
DA:67,0
DA:68,0
DA:69,0
DA:73,0
DA:74,0
DA:75,0
DA:76,0
DA:77,0
DA:81,0
DA:82,0
DA:84,0
DA:85,0
DA:87,0
DA:88,0
DA:89,0
DA:92,0
DA:93,0
DA:94,0
DA:96,0
DA:202,0
DA:237,1
LF:40
LH:7
BRDA:24,0,0,0
BRDA:25,1,0,0
BRDA:31,2,0,0
BRDA:31,2,1,0
BRDA:39,3,0,0
BRDA:41,4,0,0
BRDA:41,4,1,0
BRDA:42,5,0,0
BRDA:42,5,1,0
BRDA:67,6,0,0
BRDA:68,7,0,0
BRDA:74,8,0,0
BRDA:75,9,0,0
BRDA:76,10,0,0
BRDA:82,11,0,0
BRDA:87,12,0,0
BRDA:88,13,0,0
BRDA:93,14,0,0
BRDA:93,14,1,0
BRDA:93,15,0,0
BRDA:93,15,1,0
BRDA:94,16,0,0
BRDA:94,16,1,0
BRDA:94,17,0,0
BRDA:94,17,1,0
BRDA:184,18,0,0
BRDA:184,18,1,0
BRDA:191,19,0,0
BRDA:191,19,1,0
BRDA:191,20,0,0
BRDA:191,20,1,0
BRDA:207,21,0,0
BRDA:207,21,1,0
BRF:33
BRH:0
end_of_record
TN:
SF:src\components\game\VotingInterface.tsx
FN:32,(anonymous_9)
FN:49,(anonymous_10)
FN:53,(anonymous_11)
FN:57,(anonymous_12)
FN:67,(anonymous_13)
FN:75,(anonymous_14)
FN:79,(anonymous_15)
FN:85,(anonymous_16)
FN:91,(anonymous_17)
FN:98,(anonymous_18)
FN:102,(anonymous_19)
FN:122,(anonymous_20)
FN:133,(anonymous_21)
FN:139,(anonymous_22)
FN:176,(anonymous_23)
FN:177,(anonymous_24)
FN:190,(anonymous_25)
FN:224,(anonymous_26)
FNF:18
FNH:10
FNDA:12,(anonymous_9)
FNDA:0,(anonymous_10)
FNDA:0,(anonymous_11)
FNDA:0,(anonymous_12)
FNDA:0,(anonymous_13)
FNDA:0,(anonymous_14)
FNDA:0,(anonymous_15)
FNDA:12,(anonymous_16)
FNDA:12,(anonymous_17)
FNDA:12,(anonymous_18)
FNDA:12,(anonymous_19)
FNDA:12,(anonymous_20)
FNDA:12,(anonymous_21)
FNDA:12,(anonymous_22)
FNDA:24,(anonymous_23)
FNDA:24,(anonymous_24)
FNDA:0,(anonymous_25)
FNDA:0,(anonymous_26)
DA:1,1
DA:2,1
DA:3,1
DA:13,1
DA:14,1
DA:15,1
DA:32,1
DA:41,12
DA:42,12
DA:45,12
DA:46,12
DA:47,12
DA:49,12
DA:50,0
DA:53,12
DA:54,0
DA:57,12
DA:58,0
DA:60,0
DA:61,0
DA:63,0
DA:67,12
DA:68,0
DA:69,0
DA:70,0
DA:74,0
DA:75,0
DA:79,12
DA:80,0
DA:81,0
DA:85,12
DA:86,12
DA:87,12
DA:88,12
DA:91,12
DA:92,12
DA:93,12
DA:94,12
DA:98,12
DA:99,12
DA:102,12
DA:103,12
DA:110,12
DA:117,12
DA:122,12
DA:123,12
DA:133,12
DA:134,12
DA:139,12
DA:140,12
DA:150,12
DA:177,24
DA:178,24
DA:181,24
DA:190,0
DA:224,0
DA:232,1
LF:57
LH:42
BRDA:39,0,0,0
BRDA:41,1,0,12
BRDA:41,1,1,12
BRDA:50,2,0,0
BRDA:50,2,1,0
BRDA:58,3,0,0
BRDA:60,4,0,0
BRDA:60,4,1,0
BRDA:68,5,0,0
BRDA:68,6,0,0
BRDA:68,6,1,0
BRDA:80,7,0,0
BRDA:80,8,0,0
BRDA:80,8,1,0
BRDA:86,9,0,0
BRDA:87,10,0,0
BRDA:124,11,0,0
BRDA:124,11,1,12
BRDA:127,12,0,0
BRDA:127,12,1,12
BRDA:141,13,0,0
BRDA:141,13,1,12
BRDA:144,14,0,0
BRDA:144,14,1,12
BRDA:165,15,0,0
BRDA:165,15,1,12
BRDA:189,16,0,24
BRDA:189,16,1,24
BRDA:190,17,0,0
BRDA:190,17,1,24
BRDA:200,18,0,12
BRDA:200,18,1,12
BRDA:203,19,0,0
BRDA:203,19,1,12
BRDA:205,20,0,12
BRDA:205,20,1,0
BRDA:206,21,0,12
BRDA:206,21,1,12
BRDA:209,22,0,12
BRDA:209,22,1,12
BRDA:221,23,0,12
BRDA:221,23,1,0
BRDA:221,23,2,0
BRF:43
BRH:19
end_of_record
TN:
SF:src\components\game\index.ts
FNF:0
FNH:0
DA:2,1
DA:3,1
DA:4,1
DA:5,1
DA:6,1
DA:7,1
DA:8,1
DA:9,1
DA:10,1
DA:11,1
LF:10
LH:10
BRF:0
BRH:0
end_of_record
TN:
SF:src\components\ui\Button.tsx
FN:25,(anonymous_10)
FN:38,(anonymous_11)
FN:49,(anonymous_12)
FN:59,(anonymous_13)
FN:64,(anonymous_14)
FN:73,(anonymous_15)
FN:80,(anonymous_16)
FN:87,(anonymous_17)
FNF:8
FNH:5
FNDA:114,(anonymous_10)
FNDA:114,(anonymous_11)
FNDA:114,(anonymous_12)
FNDA:114,(anonymous_13)
FNDA:114,(anonymous_14)
FNDA:0,(anonymous_15)
FNDA:0,(anonymous_16)
FNDA:0,(anonymous_17)
DA:1,7
DA:2,7
DA:3,7
DA:10,7
DA:25,7
DA:35,114
DA:36,114
DA:38,114
DA:39,114
DA:41,0
DA:43,48
DA:45,66
DA:49,114
DA:50,114
DA:52,48
DA:54,66
DA:59,114
DA:60,114
DA:61,114
DA:64,114
DA:65,114
DA:67,114
DA:73,114
DA:74,0
DA:75,0
DA:76,0
DA:80,114
DA:81,0
DA:82,0
DA:83,0
DA:87,114
DA:88,0
DA:89,0
DA:91,0
DA:93,0
DA:97,114
DA:101,114
DA:127,7
LF:38
LH:27
BRDA:28,0,0,50
BRDA:31,1,0,66
BRDA:32,2,0,114
BRDA:39,3,0,0
BRDA:39,3,1,48
BRDA:39,3,2,66
BRDA:50,4,0,48
BRDA:50,4,1,66
BRDA:60,5,0,0
BRDA:65,6,0,0
BRDA:68,7,0,0
BRDA:68,7,1,114
BRDA:74,8,0,0
BRDA:74,9,0,0
BRDA:74,9,1,0
BRDA:81,10,0,0
BRDA:88,11,0,0
BRDA:89,12,0,0
BRDA:105,13,0,114
BRDA:105,13,1,0
BRDA:113,14,0,114
BRDA:113,14,1,0
BRDA:116,15,0,114
BRDA:116,15,1,114
BRDA:120,16,0,114
BRDA:120,16,1,0
BRF:26
BRH:13
end_of_record
TN:
SF:src\components\ui\Card.tsx
FN:8,(anonymous_1)
FNF:1
FNH:0
FNDA:0,(anonymous_1)
DA:1,1
DA:2,1
DA:8,1
DA:9,0
DA:12,1
LF:5
LH:4
BRF:0
BRH:0
end_of_record
TN:
SF:src\components\ui\Input.tsx
FN:13,(anonymous_1)
FNF:1
FNH:1
FNDA:184,(anonymous_1)
DA:1,5
DA:2,5
DA:13,5
DA:22,184
DA:39,5
LF:5
LH:5
BRDA:17,0,0,92
BRDA:26,1,0,184
BRDA:26,1,1,0
BRF:3
BRH:2
end_of_record
TN:
SF:src\components\ui\LazyWrapper.tsx
FN:10,(anonymous_9)
FN:16,(anonymous_10)
FN:22,(anonymous_11)
FN:41,(anonymous_12)
FN:46,(anonymous_13)
FN:50,(anonymous_14)
FN:54,(anonymous_15)
FN:64,(anonymous_16)
FN:68,(anonymous_17)
FNF:9
FNH:0
FNDA:0,(anonymous_9)
FNDA:0,(anonymous_10)
FNDA:0,(anonymous_11)
FNDA:0,(anonymous_12)
FNDA:0,(anonymous_13)
FNDA:0,(anonymous_14)
FNDA:0,(anonymous_15)
FNDA:0,(anonymous_16)
FNDA:0,(anonymous_17)
DA:1,0
DA:2,0
DA:10,0
DA:11,0
DA:16,0
DA:17,0
DA:22,0
DA:27,0
DA:42,0
DA:43,0
DA:47,0
DA:51,0
DA:55,0
DA:56,0
DA:59,0
DA:64,0
DA:68,0
DA:69,0
DA:75,0
LF:19
LH:0
BRDA:24,0,0,0
BRDA:25,1,0,0
BRDA:55,2,0,0
BRF:3
BRH:0
end_of_record
TN:
SF:src\components\ui\Modal.tsx
FN:10,(anonymous_1)
FNF:1
FNH:0
FNDA:0,(anonymous_1)
DA:1,0
DA:2,0
DA:10,0
DA:11,0
DA:25,0
LF:5
LH:0
BRF:0
BRH:0
end_of_record
TN:
SF:src\components\ui\OptimizedImage.tsx
FN:27,(anonymous_9)
FN:46,(anonymous_10)
FN:68,(anonymous_11)
FN:74,(anonymous_12)
FN:79,(anonymous_13)
FN:85,(anonymous_14)
FN:91,(anonymous_15)
FN:97,(anonymous_16)
FN:103,(anonymous_17)
FN:145,(anonymous_18)
FN:152,(anonymous_19)
FN:156,(anonymous_20)
FN:164,(anonymous_21)
FN:168,(anonymous_22)
FNF:14
FNH:0
FNDA:0,(anonymous_9)
FNDA:0,(anonymous_10)
FNDA:0,(anonymous_11)
FNDA:0,(anonymous_12)
FNDA:0,(anonymous_13)
FNDA:0,(anonymous_14)
FNDA:0,(anonymous_15)
FNDA:0,(anonymous_16)
FNDA:0,(anonymous_17)
FNDA:0,(anonymous_18)
FNDA:0,(anonymous_19)
FNDA:0,(anonymous_20)
FNDA:0,(anonymous_21)
FNDA:0,(anonymous_22)
DA:1,0
DA:2,0
DA:25,0
DA:27,0
DA:41,0
DA:42,0
DA:43,0
DA:46,0
DA:47,0
DA:48,0
DA:51,0
DA:52,0
DA:59,0
DA:60,0
DA:61,0
DA:62,0
DA:65,0
DA:68,0
DA:69,0
DA:70,0
DA:71,0
DA:74,0
DA:75,0
DA:76,0
DA:79,0
DA:80,0
DA:81,0
DA:82,0
DA:85,0
DA:86,0
DA:87,0
DA:91,0
DA:97,0
DA:98,0
DA:103,0
DA:104,0
DA:109,0
DA:110,0
DA:120,0
DA:121,0
DA:124,0
DA:142,0
DA:143,0
DA:146,0
DA:147,0
DA:149,0
DA:153,0
DA:157,0
DA:158,0
DA:159,0
DA:161,0
DA:165,0
DA:169,0
DA:173,0
DA:175,0
LF:55
LH:0
BRDA:32,0,0,0
BRDA:33,1,0,0
BRDA:34,2,0,0
BRDA:35,3,0,0
BRDA:47,4,0,0
BRDA:59,5,0,0
BRDA:60,6,0,0
BRDA:60,6,1,0
BRDA:86,7,0,0
BRDA:86,8,0,0
BRDA:86,8,1,0
BRDA:109,9,0,0
BRDA:109,10,0,0
BRDA:109,10,1,0
BRDA:115,11,0,0
BRDA:115,11,1,0
BRDA:120,12,0,0
BRDA:121,13,0,0
BRDA:121,13,1,0
BRDA:126,14,0,0
BRDA:126,14,1,0
BRDA:126,14,2,0
BRDA:130,15,0,0
BRDA:130,15,1,0
BRDA:146,16,0,0
BRDA:157,17,0,0
BRF:26
BRH:0
end_of_record
TN:
SF:src\components\ui\index.ts
FNF:0
FNH:0
DA:2,0
DA:3,0
DA:4,0
DA:5,0
LF:4
LH:0
BRF:0
BRH:0
end_of_record
TN:
SF:src\components\voice\PushToTalkButton.tsx
FN:23,(anonymous_9)
FN:37,(anonymous_10)
FN:48,(anonymous_11)
FN:59,(anonymous_12)
FN:79,(anonymous_13)
FN:100,(anonymous_14)
FN:118,(anonymous_15)
FN:126,(anonymous_16)
FN:127,(anonymous_17)
FN:133,(anonymous_18)
FN:140,(anonymous_19)
FNF:11
FNH:0
FNDA:0,(anonymous_9)
FNDA:0,(anonymous_10)
FNDA:0,(anonymous_11)
FNDA:0,(anonymous_12)
FNDA:0,(anonymous_13)
FNDA:0,(anonymous_14)
FNDA:0,(anonymous_15)
FNDA:0,(anonymous_16)
FNDA:0,(anonymous_17)
FNDA:0,(anonymous_18)
FNDA:0,(anonymous_19)
DA:1,0
DA:2,0
DA:11,0
DA:23,0
DA:32,0
DA:33,0
DA:34,0
DA:35,0
DA:37,0
DA:38,0
DA:40,0
DA:42,0
DA:44,0
DA:48,0
DA:49,0
DA:51,0
DA:53,0
DA:55,0
DA:59,0
DA:60,0
DA:62,0
DA:63,0
DA:66,0
DA:72,0
DA:79,0
DA:80,0
DA:82,0
DA:83,0
DA:86,0
DA:92,0
DA:100,0
DA:101,0
DA:102,0
DA:116,0
DA:118,0
DA:119,0
DA:120,0
DA:125,0
DA:126,0
DA:127,0
DA:133,0
DA:134,0
DA:135,0
DA:136,0
DA:137,0
DA:140,0
DA:141,0
DA:142,0
DA:145,0
DA:150,0
DA:209,0
DA:267,0
LF:52
LH:0
BRDA:29,0,0,0
BRDA:30,1,0,0
BRDA:38,2,0,0
BRDA:38,2,1,0
BRDA:38,2,2,0
BRDA:49,3,0,0
BRDA:49,3,1,0
BRDA:49,3,2,0
BRDA:60,4,0,0
BRDA:80,5,0,0
BRDA:101,6,0,0
BRDA:101,7,0,0
BRDA:101,7,1,0
BRDA:134,8,0,0
BRDA:135,9,0,0
BRDA:136,10,0,0
BRDA:136,11,0,0
BRDA:136,11,1,0
BRDA:141,12,0,0
BRDA:192,13,0,0
BRDA:192,13,1,0
BRDA:192,13,2,0
BRDA:196,14,0,0
BRDA:196,14,1,0
BRDA:203,15,0,0
BRDA:203,15,1,0
BRF:26
BRH:0
end_of_record
TN:
SF:src\components\voice\VoiceActivityIndicator.tsx
FN:14,(anonymous_9)
FN:23,(anonymous_10)
FN:27,(anonymous_11)
FN:41,(anonymous_12)
FN:44,(anonymous_13)
FN:58,(anonymous_14)
FN:71,(anonymous_15)
FN:82,(anonymous_16)
FN:100,(anonymous_17)
FN:107,(anonymous_18)
FN:116,(anonymous_19)
FN:133,(anonymous_20)
FN:160,(anonymous_21)
FN:182,(anonymous_22)
FNF:14
FNH:0
FNDA:0,(anonymous_9)
FNDA:0,(anonymous_10)
FNDA:0,(anonymous_11)
FNDA:0,(anonymous_12)
FNDA:0,(anonymous_13)
FNDA:0,(anonymous_14)
FNDA:0,(anonymous_15)
FNDA:0,(anonymous_16)
FNDA:0,(anonymous_17)
FNDA:0,(anonymous_18)
FNDA:0,(anonymous_19)
FNDA:0,(anonymous_20)
FNDA:0,(anonymous_21)
FNDA:0,(anonymous_22)
DA:1,0
DA:2,0
DA:3,0
DA:14,0
DA:22,0
DA:23,0
DA:25,0
DA:27,0
DA:28,0
DA:30,0
DA:32,0
DA:34,0
DA:38,0
DA:41,0
DA:42,0
DA:44,0
DA:45,0
DA:51,0
DA:54,0
DA:56,0
DA:58,0
DA:59,0
DA:63,0
DA:71,0
DA:72,0
DA:82,0
DA:83,0
DA:84,0
DA:98,0
DA:100,0
DA:101,0
DA:102,0
DA:107,0
DA:108,0
DA:110,0
DA:111,0
DA:112,0
DA:113,0
DA:116,0
DA:117,0
DA:119,0
DA:121,0
DA:123,0
DA:125,0
DA:127,0
DA:129,0
DA:133,0
DA:134,0
DA:136,0
DA:138,0
DA:141,0
DA:143,0
DA:147,0
DA:161,0
DA:183,0
DA:210,0
DA:255,0
LF:57
LH:0
BRDA:19,0,0,0
BRDA:20,1,0,0
BRDA:28,2,0,0
BRDA:28,2,1,0
BRDA:28,2,2,0
BRDA:42,3,0,0
BRDA:54,4,0,0
BRDA:54,4,1,0
BRDA:54,5,0,0
BRDA:54,5,1,0
BRDA:59,6,0,0
BRDA:59,6,1,0
BRDA:83,7,0,0
BRDA:83,8,0,0
BRDA:83,8,1,0
BRDA:108,9,0,0
BRDA:111,10,0,0
BRDA:112,11,0,0
BRDA:117,12,0,0
BRDA:117,12,1,0
BRDA:117,12,2,0
BRDA:117,12,3,0
BRDA:117,12,4,0
BRDA:117,12,5,0
BRDA:134,13,0,0
BRDA:134,13,1,0
BRDA:134,13,2,0
BRDA:134,13,3,0
BRDA:134,13,4,0
BRDA:180,14,0,0
BRDA:180,14,1,0
BRDA:188,15,0,0
BRDA:188,15,1,0
BRDA:201,16,0,0
BRDA:201,16,1,0
BRF:35
BRH:0
end_of_record
TN:
SF:src\components\voice\VoiceChatControls.tsx
FN:31,(anonymous_10)
FN:48,(anonymous_11)
FN:53,(anonymous_12)
FN:58,(anonymous_13)
FN:75,(anonymous_14)
FN:92,(anonymous_15)
FN:160,(anonymous_16)
FN:223,(anonymous_17)
FN:239,(anonymous_18)
FN:258,(anonymous_19)
FN:268,(anonymous_20)
FN:278,(anonymous_21)
FN:289,(anonymous_22)
FN:293,(anonymous_23)
FNF:14
FNH:0
FNDA:0,(anonymous_10)
FNDA:0,(anonymous_11)
FNDA:0,(anonymous_12)
FNDA:0,(anonymous_13)
FNDA:0,(anonymous_14)
FNDA:0,(anonymous_15)
FNDA:0,(anonymous_16)
FNDA:0,(anonymous_17)
FNDA:0,(anonymous_18)
FNDA:0,(anonymous_19)
FNDA:0,(anonymous_20)
FNDA:0,(anonymous_21)
FNDA:0,(anonymous_22)
FNDA:0,(anonymous_23)
DA:1,0
DA:2,0
DA:12,0
DA:13,0
DA:14,0
DA:31,0
DA:45,0
DA:46,0
DA:48,0
DA:49,0
DA:50,0
DA:53,0
DA:54,0
DA:55,0
DA:58,0
DA:59,0
DA:61,0
DA:63,0
DA:65,0
DA:67,0
DA:69,0
DA:71,0
DA:75,0
DA:76,0
DA:78,0
DA:80,0
DA:82,0
DA:84,0
DA:86,0
DA:88,0
DA:92,0
DA:93,0
DA:95,0
DA:97,0
DA:99,0
DA:101,0
DA:103,0
DA:107,0
DA:160,0
DA:224,0
DA:240,0
DA:259,0
DA:269,0
DA:279,0
DA:290,0
DA:293,0
DA:313,0
DA:447,0
LF:48
LH:0
BRDA:43,0,0,0
BRDA:59,1,0,0
BRDA:59,1,1,0
BRDA:59,1,2,0
BRDA:59,1,3,0
BRDA:59,1,4,0
BRDA:59,1,5,0
BRDA:76,2,0,0
BRDA:76,2,1,0
BRDA:76,2,2,0
BRDA:76,2,3,0
BRDA:76,2,4,0
BRDA:76,2,5,0
BRDA:93,3,0,0
BRDA:93,3,1,0
BRDA:93,3,2,0
BRDA:93,3,3,0
BRDA:93,3,4,0
BRDA:127,4,0,0
BRDA:127,4,1,0
BRDA:128,5,0,0
BRDA:128,5,1,0
BRDA:134,6,0,0
BRDA:134,6,1,0
BRDA:136,7,0,0
BRDA:136,7,1,0
BRDA:136,8,0,0
BRDA:136,8,1,0
BRDA:144,9,0,0
BRDA:144,9,1,0
BRDA:145,10,0,0
BRDA:145,10,1,0
BRDA:153,11,0,0
BRDA:153,11,1,0
BRDA:153,12,0,0
BRDA:153,12,1,0
BRDA:159,13,0,0
BRDA:159,13,1,0
BRDA:166,14,0,0
BRDA:166,14,1,0
BRDA:183,15,0,0
BRDA:183,15,1,0
BRDA:187,16,0,0
BRDA:187,16,1,0
BRDA:190,17,0,0
BRDA:190,17,1,0
BRDA:229,18,0,0
BRDA:229,18,1,0
BRDA:299,19,0,0
BRDA:299,19,1,0
BRF:50
BRH:0
end_of_record
TN:
SF:src\components\voice\VoiceParticipantsList.tsx
FN:22,(anonymous_1)
FN:30,(anonymous_2)
FN:34,(anonymous_3)
FN:51,(anonymous_4)
FN:68,(anonymous_5)
FN:194,(anonymous_6)
FN:229,(anonymous_7)
FNF:7
FNH:0
FNDA:0,(anonymous_1)
FNDA:0,(anonymous_2)
FNDA:0,(anonymous_3)
FNDA:0,(anonymous_4)
FNDA:0,(anonymous_5)
FNDA:0,(anonymous_6)
FNDA:0,(anonymous_7)
DA:1,0
DA:2,0
DA:9,0
DA:10,0
DA:11,0
DA:22,0
DA:30,0
DA:31,0
DA:32,0
DA:34,0
DA:35,0
DA:37,0
DA:39,0
DA:41,0
DA:43,0
DA:45,0
DA:47,0
DA:51,0
DA:52,0
DA:54,0
DA:56,0
DA:58,0
DA:60,0
DA:62,0
DA:64,0
DA:68,0
DA:69,0
DA:70,0
DA:71,0
DA:72,0
DA:76,0
DA:77,0
DA:99,0
DA:194,0
DA:196,0
DA:197,0
DA:205,0
DA:229,0
DA:235,0
DA:420,0
LF:40
LH:0
BRDA:27,0,0,0
BRDA:28,1,0,0
BRDA:35,2,0,0
BRDA:35,2,1,0
BRDA:35,2,2,0
BRDA:35,2,3,0
BRDA:35,2,4,0
BRDA:35,2,5,0
BRDA:52,3,0,0
BRDA:52,3,1,0
BRDA:52,3,2,0
BRDA:52,3,3,0
BRDA:52,3,4,0
BRDA:52,3,5,0
BRDA:69,4,0,0
BRDA:69,4,1,0
BRDA:69,5,0,0
BRDA:69,5,1,0
BRDA:71,6,0,0
BRDA:71,7,0,0
BRDA:71,7,1,0
BRDA:76,8,0,0
BRDA:89,9,0,0
BRDA:89,9,1,0
BRDA:90,10,0,0
BRDA:90,10,1,0
BRDA:90,10,2,0
BRDA:93,11,0,0
BRDA:93,11,1,0
BRDA:102,12,0,0
BRDA:102,12,1,0
BRDA:103,13,0,0
BRDA:103,13,1,0
BRDA:103,13,2,0
BRDA:110,14,0,0
BRDA:110,14,1,0
BRDA:110,14,2,0
BRDA:134,15,0,0
BRDA:134,15,1,0
BRDA:135,16,0,0
BRDA:135,16,1,0
BRDA:135,16,2,0
BRDA:138,17,0,0
BRDA:138,17,1,0
BRDA:155,18,0,0
BRDA:155,18,1,0
BRDA:170,19,0,0
BRDA:170,19,1,0
BRDA:172,20,0,0
BRDA:172,20,1,0
BRDA:177,21,0,0
BRDA:177,21,1,0
BRDA:177,21,2,0
BRDA:183,22,0,0
BRDA:183,22,1,0
BRDA:196,23,0,0
BRF:56
BRH:0
end_of_record
TN:
SF:src\examples\OfflineGameExample.tsx
FN:14,(anonymous_9)
FN:35,(anonymous_10)
FN:40,(anonymous_11)
FN:60,(anonymous_12)
FN:80,(anonymous_13)
FN:90,(anonymous_14)
FN:173,(anonymous_15)
FN:174,(anonymous_16)
FN:181,(anonymous_17)
FNF:9
FNH:0
FNDA:0,(anonymous_9)
FNDA:0,(anonymous_10)
FNDA:0,(anonymous_11)
FNDA:0,(anonymous_12)
FNDA:0,(anonymous_13)
FNDA:0,(anonymous_14)
FNDA:0,(anonymous_15)
FNDA:0,(anonymous_16)
FNDA:0,(anonymous_17)
DA:1,0
DA:2,0
DA:3,0
DA:4,0
DA:14,0
DA:25,0
DA:32,0
DA:35,0
DA:36,0
DA:40,0
DA:41,0
DA:42,0
DA:53,0
DA:55,0
DA:60,0
DA:61,0
DA:62,0
DA:73,0
DA:75,0
DA:80,0
DA:81,0
DA:82,0
DA:83,0
DA:85,0
DA:90,0
DA:91,0
DA:92,0
DA:93,0
DA:95,0
DA:100,0
DA:101,0
DA:103,0
DA:173,0
DA:175,0
DA:181,0
DA:203,0
LF:36
LH:0
BRDA:53,0,0,0
BRDA:53,0,1,0
BRDA:73,1,0,0
BRDA:73,1,1,0
BRDA:113,2,0,0
BRDA:113,2,1,0
BRDA:114,3,0,0
BRDA:114,3,1,0
BRDA:125,4,0,0
BRDA:125,4,1,0
BRDA:133,5,0,0
BRDA:133,5,1,0
BRDA:143,6,0,0
BRDA:143,6,1,0
BRDA:146,7,0,0
BRDA:146,7,1,0
BRDA:150,8,0,0
BRDA:150,8,1,0
BRDA:153,9,0,0
BRDA:153,9,1,0
BRDA:163,10,0,0
BRDA:163,10,1,0
BRDA:163,10,2,0
BRDA:169,11,0,0
BRDA:169,11,1,0
BRF:25
BRH:0
end_of_record
TN:
SF:src\hooks\index.ts
FNF:0
FNH:0
DA:2,0
DA:3,0
DA:4,0
DA:5,0
LF:4
LH:0
BRF:0
BRH:0
end_of_record
TN:
SF:src\hooks\useAuth.ts
FN:9,(anonymous_0)
FN:11,(anonymous_1)
FN:13,(anonymous_2)
FN:29,(anonymous_3)
FN:45,(anonymous_4)
FN:66,(anonymous_5)
FN:79,(anonymous_6)
FN:83,(anonymous_7)
FNF:8
FNH:1
FNDA:14,(anonymous_0)
FNDA:0,(anonymous_1)
FNDA:0,(anonymous_2)
FNDA:0,(anonymous_3)
FNDA:0,(anonymous_4)
FNDA:0,(anonymous_5)
FNDA:0,(anonymous_6)
FNDA:0,(anonymous_7)
DA:1,2
DA:3,2
DA:5,2
DA:6,2
DA:9,2
DA:10,14
DA:11,0
DA:13,0
DA:14,0
DA:15,0
DA:18,0
DA:23,0
DA:25,0
DA:29,0
DA:30,0
DA:31,0
DA:34,0
DA:39,0
DA:41,0
DA:45,0
DA:50,0
DA:51,0
DA:54,0
DA:56,0
DA:57,0
DA:59,0
DA:62,0
DA:66,0
DA:67,0
DA:68,0
DA:70,0
DA:71,0
DA:73,0
DA:75,0
DA:79,0
DA:80,0
DA:83,0
DA:84,0
DA:86,0
DA:88,0
DA:92,0
LF:41
LH:6
BRDA:60,0,0,0
BRDA:60,0,1,0
BRF:2
BRH:0
end_of_record
TN:
SF:src\hooks\useGame.ts
FN:5,(anonymous_0)
FN:7,(anonymous_1)
FN:9,(anonymous_2)
FN:13,(anonymous_3)
FN:17,(anonymous_4)
FNF:5
FNH:0
FNDA:0,(anonymous_0)
FNDA:0,(anonymous_1)
FNDA:0,(anonymous_2)
FNDA:0,(anonymous_3)
FNDA:0,(anonymous_4)
DA:1,0
DA:3,0
DA:5,0
DA:6,0
DA:7,0
DA:9,0
DA:10,0
DA:13,0
DA:14,0
DA:17,0
DA:18,0
DA:21,0
LF:12
LH:0
BRF:0
BRH:0
end_of_record
TN:
SF:src\hooks\useGameSync.ts
FN:35,(anonymous_0)
FN:61,(anonymous_1)
FN:78,(anonymous_2)
FN:92,(anonymous_3)
FN:126,(anonymous_4)
FN:137,(anonymous_5)
FN:157,(anonymous_6)
FN:200,(anonymous_7)
FN:211,(anonymous_8)
FN:220,(anonymous_9)
FN:232,(anonymous_10)
FN:249,(anonymous_11)
FN:254,(anonymous_12)
FN:262,(anonymous_13)
FN:276,(anonymous_14)
FN:308,(anonymous_15)
FN:337,(anonymous_16)
FN:350,(anonymous_17)
FN:355,(anonymous_18)
FN:364,(anonymous_19)
FNF:20
FNH:0
FNDA:0,(anonymous_0)
FNDA:0,(anonymous_1)
FNDA:0,(anonymous_2)
FNDA:0,(anonymous_3)
FNDA:0,(anonymous_4)
FNDA:0,(anonymous_5)
FNDA:0,(anonymous_6)
FNDA:0,(anonymous_7)
FNDA:0,(anonymous_8)
FNDA:0,(anonymous_9)
FNDA:0,(anonymous_10)
FNDA:0,(anonymous_11)
FNDA:0,(anonymous_12)
FNDA:0,(anonymous_13)
FNDA:0,(anonymous_14)
FNDA:0,(anonymous_15)
FNDA:0,(anonymous_16)
FNDA:0,(anonymous_17)
FNDA:0,(anonymous_18)
FNDA:0,(anonymous_19)
DA:1,0
DA:2,0
DA:3,0
DA:4,0
DA:19,0
DA:35,0
DA:40,0
DA:42,0
DA:43,0
DA:44,0
DA:45,0
DA:46,0
DA:48,0
DA:50,0
DA:57,0
DA:58,0
DA:61,0
DA:62,0
DA:64,0
DA:78,0
DA:79,0
DA:82,0
DA:83,0
DA:84,0
DA:87,0
DA:92,0
DA:98,0
DA:101,0
DA:102,0
DA:105,0
DA:106,0
DA:107,0
DA:110,0
DA:111,0
DA:115,0
DA:116,0
DA:118,0
DA:119,0
DA:122,0
DA:126,0
DA:127,0
DA:130,0
DA:131,0
DA:132,0
DA:137,0
DA:142,0
DA:144,0
DA:145,0
DA:153,0
DA:157,0
DA:163,0
DA:165,0
DA:171,0
DA:173,0
DA:176,0
DA:177,0
DA:181,0
DA:185,0
DA:189,0
DA:192,0
DA:193,0
DA:196,0
DA:200,0
DA:201,0
DA:202,0
DA:205,0
DA:206,0
DA:210,0
DA:211,0
DA:212,0
DA:213,0
DA:214,0
DA:217,0
DA:218,0
DA:220,0
DA:221,0
DA:225,0
DA:229,0
DA:232,0
DA:233,0
DA:234,0
DA:237,0
DA:238,0
DA:242,0
DA:245,0
DA:249,0
DA:250,0
DA:251,0
DA:254,0
DA:255,0
DA:256,0
DA:262,0
DA:263,0
DA:265,0
DA:266,0
DA:267,0
DA:268,0
DA:269,0
DA:270,0
DA:271,0
DA:274,0
DA:276,0
DA:277,0
DA:278,0
DA:279,0
DA:280,0
DA:281,0
DA:282,0
DA:283,0
DA:285,0
DA:286,0
DA:289,0
DA:290,0
DA:308,0
DA:313,0
DA:316,0
DA:323,0
DA:325,0
DA:326,0
DA:328,0
DA:329,0
DA:334,0
DA:337,0
DA:338,0
DA:339,0
DA:340,0
DA:342,0
DA:346,0
DA:350,0
DA:351,0
DA:355,0
DA:364,0
DA:365,0
DA:366,0
DA:369,0
LF:135
LH:0
BRDA:35,0,0,0
BRDA:37,1,0,0
BRDA:38,2,0,0
BRDA:39,3,0,0
BRDA:62,4,0,0
BRDA:62,5,0,0
BRDA:62,5,1,0
BRDA:82,6,0,0
BRDA:101,7,0,0
BRDA:101,8,0,0
BRDA:101,8,1,0
BRDA:105,9,0,0
BRDA:118,10,0,0
BRDA:118,11,0,0
BRDA:118,11,1,0
BRDA:130,12,0,0
BRDA:173,13,0,0
BRDA:173,13,1,0
BRDA:173,13,2,0
BRDA:205,14,0,0
BRDA:212,15,0,0
BRDA:237,16,0,0
BRDA:250,17,0,0
BRDA:255,18,0,0
BRDA:255,19,0,0
BRDA:255,19,1,0
BRDA:263,20,0,0
BRDA:285,21,0,0
BRDA:289,22,0,0
BRDA:323,23,0,0
BRDA:323,23,1,0
BRDA:338,24,0,0
BRF:32
BRH:0
end_of_record
TN:
SF:src\hooks\useMemoryOptimization.ts
FN:12,(anonymous_0)
FN:26,(anonymous_1)
FN:31,(anonymous_2)
FN:35,(anonymous_3)
FN:51,(anonymous_4)
FN:63,(anonymous_5)
FN:67,(anonymous_6)
FN:72,(anonymous_7)
FN:74,(anonymous_8)
FN:81,(anonymous_9)
FN:83,(anonymous_10)
FN:90,(anonymous_11)
FN:97,(anonymous_12)
FN:104,(anonymous_13)
FN:122,(anonymous_14)
FN:125,(anonymous_15)
FN:133,(anonymous_16)
FN:154,(anonymous_17)
FN:155,(anonymous_18)
FN:156,(anonymous_19)
FN:161,(anonymous_20)
FN:165,(anonymous_21)
FN:167,(anonymous_22)
FN:171,(anonymous_23)
FN:175,(anonymous_24)
FN:179,(anonymous_25)
FN:192,(anonymous_26)
FN:198,(anonymous_27)
FN:204,(anonymous_28)
FN:213,(anonymous_29)
FN:219,(anonymous_30)
FN:224,(anonymous_31)
FN:239,(anonymous_32)
FNF:33
FNH:0
FNDA:0,(anonymous_0)
FNDA:0,(anonymous_1)
FNDA:0,(anonymous_2)
FNDA:0,(anonymous_3)
FNDA:0,(anonymous_4)
FNDA:0,(anonymous_5)
FNDA:0,(anonymous_6)
FNDA:0,(anonymous_7)
FNDA:0,(anonymous_8)
FNDA:0,(anonymous_9)
FNDA:0,(anonymous_10)
FNDA:0,(anonymous_11)
FNDA:0,(anonymous_12)
FNDA:0,(anonymous_13)
FNDA:0,(anonymous_14)
FNDA:0,(anonymous_15)
FNDA:0,(anonymous_16)
FNDA:0,(anonymous_17)
FNDA:0,(anonymous_18)
FNDA:0,(anonymous_19)
FNDA:0,(anonymous_20)
FNDA:0,(anonymous_21)
FNDA:0,(anonymous_22)
FNDA:0,(anonymous_23)
FNDA:0,(anonymous_24)
FNDA:0,(anonymous_25)
FNDA:0,(anonymous_26)
FNDA:0,(anonymous_27)
FNDA:0,(anonymous_28)
FNDA:0,(anonymous_29)
FNDA:0,(anonymous_30)
FNDA:0,(anonymous_31)
FNDA:0,(anonymous_32)
DA:1,0
DA:2,0
DA:3,0
DA:12,0
DA:18,0
DA:20,0
DA:21,0
DA:22,0
DA:23,0
DA:26,0
DA:28,0
DA:31,0
DA:32,0
DA:35,0
DA:36,0
DA:39,0
DA:40,0
DA:41,0
DA:45,0
DA:46,0
DA:51,0
DA:52,0
DA:55,0
DA:56,0
DA:57,0
DA:60,0
DA:63,0
DA:64,0
DA:67,0
DA:68,0
DA:72,0
DA:73,0
DA:74,0
DA:75,0
DA:76,0
DA:81,0
DA:82,0
DA:83,0
DA:84,0
DA:85,0
DA:90,0
DA:91,0
DA:92,0
DA:97,0
DA:98,0
DA:99,0
DA:100,0
DA:104,0
DA:105,0
DA:106,0
DA:110,0
DA:113,0
DA:114,0
DA:117,0
DA:118,0
DA:121,0
DA:122,0
DA:125,0
DA:126,0
DA:127,0
DA:128,0
DA:129,0
DA:133,0
DA:134,0
DA:135,0
DA:147,0
DA:154,0
DA:155,0
DA:156,0
DA:161,0
DA:162,0
DA:163,0
DA:165,0
DA:166,0
DA:167,0
DA:168,0
DA:171,0
DA:172,0
DA:175,0
DA:179,0
DA:180,0
DA:182,0
DA:183,0
DA:186,0
DA:187,0
DA:188,0
DA:192,0
DA:198,0
DA:199,0
DA:200,0
DA:201,0
DA:204,0
DA:205,0
DA:206,0
DA:209,0
DA:213,0
DA:219,0
DA:220,0
DA:221,0
DA:222,0
DA:224,0
DA:225,0
DA:226,0
DA:229,0
DA:234,0
DA:239,0
LF:106
LH:0
BRDA:12,0,0,0
BRDA:14,1,0,0
BRDA:15,2,0,0
BRDA:16,3,0,0
BRDA:17,4,0,0
BRDA:39,5,0,0
BRDA:45,6,0,0
BRDA:55,7,0,0
BRDA:91,8,0,0
BRDA:91,9,0,0
BRDA:91,9,1,0
BRDA:98,10,0,0
BRDA:98,11,0,0
BRDA:98,11,1,0
BRDA:105,12,0,0
BRDA:127,13,0,0
BRDA:180,14,0,0
BRDA:180,14,1,0
BRDA:182,15,0,0
BRDA:199,16,0,0
BRDA:220,17,0,0
BRF:21
BRH:0
end_of_record
TN:
SF:src\hooks\useOffline.ts
FN:63,(anonymous_0)
FN:80,(anonymous_1)
FN:81,(anonymous_2)
FN:91,(anonymous_3)
FN:97,(anonymous_4)
FN:124,(anonymous_5)
FN:143,(anonymous_6)
FN:170,(anonymous_7)
FN:175,(anonymous_8)
FN:188,(anonymous_9)
FN:193,(anonymous_10)
FN:247,(anonymous_11)
FN:252,(anonymous_12)
FN:277,(anonymous_13)
FN:303,(anonymous_14)
FN:328,(anonymous_15)
FN:332,(anonymous_16)
FN:347,(anonymous_17)
FN:352,(anonymous_18)
FN:373,(anonymous_19)
FN:374,(anonymous_20)
FN:377,(anonymous_21)
FN:378,(anonymous_22)
FNF:23
FNH:22
FNDA:18,(anonymous_0)
FNDA:11,(anonymous_1)
FNDA:0,(anonymous_2)
FNDA:11,(anonymous_3)
FNDA:2,(anonymous_4)
FNDA:1,(anonymous_5)
FNDA:1,(anonymous_6)
FNDA:1,(anonymous_7)
FNDA:1,(anonymous_8)
FNDA:2,(anonymous_9)
FNDA:1,(anonymous_10)
FNDA:8,(anonymous_11)
FNDA:1,(anonymous_12)
FNDA:1,(anonymous_13)
FNDA:1,(anonymous_14)
FNDA:1,(anonymous_15)
FNDA:1,(anonymous_16)
FNDA:6,(anonymous_17)
FNDA:1,(anonymous_18)
FNDA:1,(anonymous_19)
FNDA:2,(anonymous_20)
FNDA:2,(anonymous_21)
FNDA:2,(anonymous_22)
DA:1,1
DA:2,1
DA:3,1
DA:4,1
DA:5,1
DA:24,1
DA:63,1
DA:64,18
DA:67,18
DA:68,18
DA:69,18
DA:70,18
DA:71,18
DA:72,18
DA:73,18
DA:74,18
DA:75,18
DA:76,18
DA:77,18
DA:80,18
DA:81,11
DA:82,0
DA:86,11
DA:89,11
DA:91,11
DA:92,11
DA:97,18
DA:98,2
DA:99,0
DA:104,0
DA:107,2
DA:108,2
DA:109,2
DA:115,0
DA:124,18
DA:131,1
DA:132,1
DA:134,0
DA:143,18
DA:148,1
DA:149,1
DA:155,1
DA:161,0
DA:170,18
DA:171,1
DA:175,18
DA:176,1
DA:177,1
DA:178,1
DA:180,1
DA:188,18
DA:189,2
DA:193,18
DA:199,1
DA:206,1
DA:213,18
DA:247,1
DA:248,8
DA:249,8
DA:250,8
DA:252,8
DA:253,1
DA:274,1
DA:277,8
DA:278,1
DA:300,1
DA:303,8
DA:304,1
DA:325,1
DA:328,8
DA:329,1
DA:332,8
DA:333,1
DA:336,8
DA:347,1
DA:348,6
DA:349,6
DA:350,6
DA:352,6
DA:357,1
DA:358,1
DA:364,1
DA:366,0
DA:373,6
DA:374,2
DA:377,6
DA:378,2
DA:381,6
LF:88
LH:81
BRDA:98,0,0,0
BRDA:189,1,0,2
BRDA:189,1,1,1
BRDA:202,2,0,1
BRDA:202,2,1,0
BRDA:203,3,0,1
BRDA:203,3,1,0
BRDA:329,4,0,1
BRDA:329,4,1,0
BRDA:368,5,0,0
BRDA:368,5,1,0
BRF:11
BRH:5
end_of_record
TN:
SF:src\hooks\useSocket.ts
FN:4,(anonymous_0)
FN:5,(anonymous_1)
FN:10,(anonymous_2)
FN:15,(anonymous_3)
FN:19,(anonymous_4)
FN:23,(anonymous_5)
FNF:6
FNH:0
FNDA:0,(anonymous_0)
FNDA:0,(anonymous_1)
FNDA:0,(anonymous_2)
FNDA:0,(anonymous_3)
FNDA:0,(anonymous_4)
FNDA:0,(anonymous_5)
DA:1,0
DA:2,0
DA:4,0
DA:5,0
DA:6,0
DA:7,0
DA:10,0
DA:11,0
DA:15,0
DA:16,0
DA:19,0
DA:20,0
DA:23,0
DA:24,0
DA:27,0
LF:15
LH:0
BRDA:6,0,0,0
BRF:1
BRH:0
end_of_record
TN:
SF:src\navigation\AppNavigator.tsx
FN:32,(anonymous_9)
FN:37,(anonymous_10)
FN:38,(anonymous_11)
FNF:3
FNH:0
FNDA:0,(anonymous_9)
FNDA:0,(anonymous_10)
FNDA:0,(anonymous_11)
DA:1,0
DA:2,0
DA:3,0
DA:4,0
DA:5,0
DA:6,0
DA:7,0
DA:8,0
DA:9,0
DA:10,0
DA:11,0
DA:12,0
DA:14,0
DA:15,0
DA:17,0
DA:19,0
DA:20,0
DA:32,0
DA:33,0
DA:34,0
DA:35,0
DA:37,0
DA:38,0
DA:39,0
DA:41,0
DA:42,0
DA:45,0
DA:48,0
DA:52,0
DA:55,0
DA:57,0
DA:60,0
LF:32
LH:0
BRDA:41,0,0,0
BRDA:41,1,0,0
BRDA:41,1,1,0
BRDA:55,2,0,0
BRDA:65,3,0,0
BRDA:65,3,1,0
BRDA:72,4,0,0
BRDA:72,4,1,0
BRF:8
BRH:0
end_of_record
TN:
SF:src\navigation\index.ts
FNF:0
FNH:0
DA:1,0
LF:1
LH:0
BRF:0
BRH:0
end_of_record
TN:
SF:src\screens\AuthScreen.tsx
FN:30,(anonymous_9)
FN:37,(anonymous_10)
FN:43,(anonymous_11)
FN:49,(anonymous_12)
FN:59,(anonymous_13)
FN:64,(anonymous_14)
FN:68,(anonymous_15)
FN:81,(anonymous_16)
FN:86,(anonymous_17)
FN:87,(anonymous_18)
FN:93,(anonymous_19)
FN:100,(anonymous_20)
FNF:12
FNH:0
FNDA:0,(anonymous_9)
FNDA:0,(anonymous_10)
FNDA:0,(anonymous_11)
FNDA:0,(anonymous_12)
FNDA:0,(anonymous_13)
FNDA:0,(anonymous_14)
FNDA:0,(anonymous_15)
FNDA:0,(anonymous_16)
FNDA:0,(anonymous_17)
FNDA:0,(anonymous_18)
FNDA:0,(anonymous_19)
FNDA:0,(anonymous_20)
DA:1,0
DA:2,0
DA:12,0
DA:13,0
DA:15,0
DA:16,0
DA:18,0
DA:19,0
DA:20,0
DA:21,0
DA:22,0
DA:23,0
DA:24,0
DA:30,0
DA:31,0
DA:32,0
DA:33,0
DA:34,0
DA:35,0
DA:37,0
DA:38,0
DA:39,0
DA:43,0
DA:44,0
DA:45,0
DA:49,0
DA:50,0
DA:51,0
DA:52,0
DA:53,0
DA:55,0
DA:59,0
DA:64,0
DA:65,0
DA:68,0
DA:69,0
DA:72,0
DA:73,0
DA:81,0
DA:82,0
DA:84,0
DA:86,0
DA:87,0
DA:91,0
DA:93,0
DA:98,0
DA:100,0
DA:104,0
DA:108,0
DA:156,0
LF:50
LH:0
BRDA:44,0,0,0
BRDA:44,1,0,0
BRDA:44,1,1,0
BRDA:53,2,0,0
BRDA:53,2,1,0
BRDA:72,3,0,0
BRDA:82,4,0,0
BRDA:82,4,1,0
BRDA:82,4,2,0
BRDA:82,4,3,0
BRDA:112,5,0,0
BRDA:112,5,1,0
BRDA:122,6,0,0
BRDA:122,6,1,0
BRDA:123,7,0,0
BRDA:123,7,1,0
BRDA:132,8,0,0
BRDA:132,8,1,0
BRDA:134,9,0,0
BRDA:134,9,1,0
BRF:20
BRH:0
end_of_record
TN:
SF:src\screens\FriendsScreen.tsx
FN:44,(anonymous_9)
FN:61,(anonymous_10)
FN:66,(anonymous_11)
FN:74,(anonymous_12)
FN:84,(anonymous_13)
FN:90,(anonymous_14)
FN:93,(anonymous_15)
FN:99,(anonymous_16)
FN:107,(anonymous_17)
FN:110,(anonymous_18)
FN:117,(anonymous_19)
FN:125,(anonymous_20)
FN:128,(anonymous_21)
FN:134,(anonymous_22)
FN:142,(anonymous_23)
FN:151,(anonymous_24)
FN:154,(anonymous_25)
FN:160,(anonymous_26)
FN:172,(anonymous_27)
FN:180,(anonymous_28)
FN:185,(anonymous_29)
FN:194,(anonymous_30)
FN:203,(anonymous_31)
FN:226,(anonymous_32)
FN:233,(anonymous_33)
FN:242,(anonymous_34)
FN:260,(anonymous_35)
FN:266,(anonymous_36)
FN:274,(anonymous_37)
FN:291,(anonymous_38)
FN:298,(anonymous_39)
FN:299,(anonymous_40)
FN:308,(anonymous_41)
FN:321,(anonymous_42)
FN:345,(anonymous_43)
FN:346,(anonymous_44)
FN:355,(anonymous_45)
FN:399,(anonymous_46)
FN:415,(anonymous_47)
FN:423,(anonymous_48)
FN:431,(anonymous_49)
FN:439,(anonymous_50)
FN:447,(anonymous_51)
FN:460,(anonymous_52)
FN:554,(anonymous_53)
FN:577,(anonymous_54)
FNF:46
FNH:0
FNDA:0,(anonymous_9)
FNDA:0,(anonymous_10)
FNDA:0,(anonymous_11)
FNDA:0,(anonymous_12)
FNDA:0,(anonymous_13)
FNDA:0,(anonymous_14)
FNDA:0,(anonymous_15)
FNDA:0,(anonymous_16)
FNDA:0,(anonymous_17)
FNDA:0,(anonymous_18)
FNDA:0,(anonymous_19)
FNDA:0,(anonymous_20)
FNDA:0,(anonymous_21)
FNDA:0,(anonymous_22)
FNDA:0,(anonymous_23)
FNDA:0,(anonymous_24)
FNDA:0,(anonymous_25)
FNDA:0,(anonymous_26)
FNDA:0,(anonymous_27)
FNDA:0,(anonymous_28)
FNDA:0,(anonymous_29)
FNDA:0,(anonymous_30)
FNDA:0,(anonymous_31)
FNDA:0,(anonymous_32)
FNDA:0,(anonymous_33)
FNDA:0,(anonymous_34)
FNDA:0,(anonymous_35)
FNDA:0,(anonymous_36)
FNDA:0,(anonymous_37)
FNDA:0,(anonymous_38)
FNDA:0,(anonymous_39)
FNDA:0,(anonymous_40)
FNDA:0,(anonymous_41)
FNDA:0,(anonymous_42)
FNDA:0,(anonymous_43)
FNDA:0,(anonymous_44)
FNDA:0,(anonymous_45)
FNDA:0,(anonymous_46)
FNDA:0,(anonymous_47)
FNDA:0,(anonymous_48)
FNDA:0,(anonymous_49)
FNDA:0,(anonymous_50)
FNDA:0,(anonymous_51)
FNDA:0,(anonymous_52)
FNDA:0,(anonymous_53)
FNDA:0,(anonymous_54)
DA:1,0
DA:2,0
DA:12,0
DA:14,0
DA:16,0
DA:17,0
DA:39,0
DA:40,0
DA:44,0
DA:45,0
DA:46,0
DA:48,0
DA:49,0
DA:50,0
DA:51,0
DA:52,0
DA:53,0
DA:54,0
DA:55,0
DA:56,0
DA:58,0
DA:59,0
DA:61,0
DA:62,0
DA:63,0
DA:66,0
DA:67,0
DA:68,0
DA:69,0
DA:70,0
DA:74,0
DA:75,0
DA:76,0
DA:80,0
DA:84,0
DA:85,0
DA:86,0
DA:90,0
DA:91,0
DA:94,0
DA:100,0
DA:107,0
DA:108,0
DA:111,0
DA:115,0
DA:118,0
DA:125,0
DA:126,0
DA:129,0
DA:135,0
DA:142,0
DA:143,0
DA:152,0
DA:155,0
DA:161,0
DA:172,0
DA:174,0
DA:180,0
DA:181,0
DA:182,0
DA:185,0
DA:186,0
DA:187,0
DA:188,0
DA:189,0
DA:190,0
DA:194,0
DA:195,0
DA:196,0
DA:197,0
DA:198,0
DA:199,0
DA:203,0
DA:204,0
DA:226,0
DA:233,0
DA:242,0
DA:243,0
DA:260,0
DA:266,0
DA:274,0
DA:275,0
DA:291,0
DA:298,0
DA:299,0
DA:300,0
DA:301,0
DA:302,0
DA:303,0
DA:304,0
DA:308,0
DA:309,0
DA:311,0
DA:313,0
DA:315,0
DA:317,0
DA:321,0
DA:322,0
DA:323,0
DA:324,0
DA:326,0
DA:327,0
DA:328,0
DA:329,0
DA:332,0
DA:345,0
DA:346,0
DA:347,0
DA:348,0
DA:349,0
DA:350,0
DA:351,0
DA:355,0
DA:356,0
DA:357,0
DA:358,0
DA:359,0
DA:360,0
DA:364,0
DA:395,0
DA:399,0
DA:415,0
DA:423,0
DA:431,0
DA:439,0
DA:447,0
DA:460,0
DA:554,0
DA:577,0
DA:595,0
LF:130
LH:0
BRDA:67,0,0,0
BRDA:67,0,1,0
BRDA:69,1,0,0
BRDA:75,2,0,0
BRDA:85,3,0,0
BRDA:101,4,0,0
BRDA:101,4,1,0
BRDA:119,5,0,0
BRDA:119,5,1,0
BRDA:136,6,0,0
BRDA:136,6,1,0
BRDA:162,7,0,0
BRDA:162,7,1,0
BRDA:186,8,0,0
BRDA:186,8,1,0
BRDA:186,8,2,0
BRDA:186,8,3,0
BRDA:195,9,0,0
BRDA:195,9,1,0
BRDA:195,9,2,0
BRDA:195,9,3,0
BRDA:203,10,0,0
BRDA:210,11,0,0
BRDA:210,11,1,0
BRDA:215,12,0,0
BRDA:215,12,1,0
BRDA:217,13,0,0
BRDA:217,13,1,0
BRDA:223,14,0,0
BRDA:223,14,1,0
BRDA:285,15,0,0
BRDA:285,15,1,0
BRDA:300,16,0,0
BRDA:300,16,1,0
BRDA:300,16,2,0
BRDA:300,16,3,0
BRDA:309,17,0,0
BRDA:309,17,1,0
BRDA:309,17,2,0
BRDA:309,17,3,0
BRDA:311,18,0,0
BRDA:311,18,1,0
BRDA:326,19,0,0
BRDA:327,20,0,0
BRDA:328,21,0,0
BRDA:347,22,0,0
BRDA:347,22,1,0
BRDA:347,22,2,0
BRDA:347,22,3,0
BRDA:356,23,0,0
BRDA:356,23,1,0
BRDA:356,23,2,0
BRDA:356,23,3,0
BRDA:376,24,0,0
BRDA:376,24,1,0
BRDA:381,25,0,0
BRDA:381,25,1,0
BRDA:387,26,0,0
BRDA:387,26,1,0
BRDA:414,27,0,0
BRDA:414,27,1,0
BRDA:417,28,0,0
BRDA:417,28,1,0
BRDA:422,29,0,0
BRDA:422,29,1,0
BRDA:425,30,0,0
BRDA:425,30,1,0
BRDA:430,31,0,0
BRDA:430,31,1,0
BRDA:433,32,0,0
BRDA:433,32,1,0
BRDA:438,33,0,0
BRDA:438,33,1,0
BRDA:441,34,0,0
BRDA:441,34,1,0
BRDA:446,35,0,0
BRDA:446,35,1,0
BRDA:449,36,0,0
BRDA:449,36,1,0
BRDA:456,37,0,0
BRDA:456,37,1,0
BRDA:458,38,0,0
BRDA:458,38,1,0
BRDA:474,39,0,0
BRDA:474,39,1,0
BRDA:476,40,0,0
BRDA:476,40,1,0
BRDA:492,41,0,0
BRDA:492,41,1,0
BRDA:507,42,0,0
BRDA:507,42,1,0
BRDA:514,43,0,0
BRDA:514,43,1,0
BRDA:516,44,0,0
BRDA:516,44,1,0
BRDA:522,45,0,0
BRDA:522,45,1,0
BRDA:531,46,0,0
BRDA:531,46,1,0
BRDA:531,46,2,0
BRDA:531,46,3,0
BRDA:545,47,0,0
BRDA:545,47,1,0
BRDA:547,48,0,0
BRDA:547,48,1,0
BRDA:551,49,0,0
BRDA:551,49,1,0
BRDA:568,50,0,0
BRDA:568,50,1,0
BRDA:570,51,0,0
BRDA:570,51,1,0
BRDA:574,52,0,0
BRDA:574,52,1,0
BRF:113
BRH:0
end_of_record
TN:
SF:src\screens\GameHistoryScreen.tsx
FN:38,(anonymous_9)
FN:53,(anonymous_10)
FN:61,(anonymous_11)
FN:87,(anonymous_12)
FN:92,(anonymous_13)
FN:99,(anonymous_14)
FN:104,(anonymous_15)
FN:112,(anonymous_16)
FN:127,(anonymous_17)
FN:134,(anonymous_18)
FN:166,(anonymous_19)
FN:191,(anonymous_20)
FN:202,(anonymous_21)
FN:222,(anonymous_22)
FN:268,(anonymous_23)
FN:272,(anonymous_24)
FN:332,(anonymous_25)
FNF:17
FNH:0
FNDA:0,(anonymous_9)
FNDA:0,(anonymous_10)
FNDA:0,(anonymous_11)
FNDA:0,(anonymous_12)
FNDA:0,(anonymous_13)
FNDA:0,(anonymous_14)
FNDA:0,(anonymous_15)
FNDA:0,(anonymous_16)
FNDA:0,(anonymous_17)
FNDA:0,(anonymous_18)
FNDA:0,(anonymous_19)
FNDA:0,(anonymous_20)
FNDA:0,(anonymous_21)
FNDA:0,(anonymous_22)
FNDA:0,(anonymous_23)
FNDA:0,(anonymous_24)
FNDA:0,(anonymous_25)
DA:1,0
DA:2,0
DA:11,0
DA:13,0
DA:14,0
DA:23,0
DA:26,0
DA:27,0
DA:38,0
DA:39,0
DA:40,0
DA:43,0
DA:44,0
DA:45,0
DA:46,0
DA:47,0
DA:50,0
DA:51,0
DA:53,0
DA:54,0
DA:57,0
DA:58,0
DA:61,0
DA:62,0
DA:63,0
DA:65,0
DA:67,0
DA:68,0
DA:73,0
DA:76,0
DA:78,0
DA:79,0
DA:81,0
DA:82,0
DA:83,0
DA:87,0
DA:88,0
DA:89,0
DA:92,0
DA:93,0
DA:94,0
DA:95,0
DA:99,0
DA:100,0
DA:104,0
DA:105,0
DA:112,0
DA:113,0
DA:114,0
DA:117,0
DA:119,0
DA:127,0
DA:128,0
DA:129,0
DA:130,0
DA:134,0
DA:135,0
DA:136,0
DA:137,0
DA:138,0
DA:140,0
DA:141,0
DA:142,0
DA:143,0
DA:144,0
DA:145,0
DA:147,0
DA:151,0
DA:152,0
DA:159,0
DA:166,0
DA:192,0
DA:193,0
DA:195,0
DA:197,0
DA:203,0
DA:204,0
DA:205,0
DA:207,0
DA:222,0
DA:269,0
DA:272,0
DA:332,0
DA:343,0
LF:84
LH:0
BRDA:61,0,0,0
BRDA:61,1,0,0
BRDA:63,2,0,0
BRDA:67,3,0,0
BRDA:67,3,1,0
BRDA:67,4,0,0
BRDA:67,4,1,0
BRDA:93,5,0,0
BRDA:93,6,0,0
BRDA:93,6,1,0
BRDA:93,6,2,0
BRDA:113,7,0,0
BRDA:113,8,0,0
BRDA:113,8,1,0
BRDA:120,9,0,0
BRDA:120,9,1,0
BRDA:121,10,0,0
BRDA:121,10,1,0
BRDA:140,11,0,0
BRDA:140,11,1,0
BRDA:142,12,0,0
BRDA:142,12,1,0
BRDA:144,13,0,0
BRDA:144,13,1,0
BRDA:151,14,0,0
BRDA:151,15,0,0
BRDA:151,15,1,0
BRDA:173,16,0,0
BRDA:173,16,1,0
BRDA:195,17,0,0
BRDA:254,18,0,0
BRDA:254,18,1,0
BRDA:272,19,0,0
BRDA:272,19,1,0
BRDA:285,20,0,0
BRDA:285,20,1,0
BRDA:298,21,0,0
BRDA:298,21,1,0
BRDA:311,22,0,0
BRDA:311,22,1,0
BRDA:311,22,2,0
BRDA:314,23,0,0
BRDA:314,23,1,0
BRDA:324,24,0,0
BRDA:324,24,1,0
BRF:45
BRH:0
end_of_record
TN:
SF:src\screens\GameScreen.tsx
FN:47,(anonymous_9)
FN:86,(anonymous_10)
FN:98,(anonymous_11)
FN:108,(anonymous_12)
FN:111,(anonymous_13)
FN:117,(anonymous_14)
FN:125,(anonymous_15)
FN:128,(anonymous_16)
FN:135,(anonymous_17)
FN:159,(anonymous_18)
FN:167,(anonymous_19)
FN:171,(anonymous_20)
FN:172,(anonymous_21)
FN:174,(anonymous_22)
FN:183,(anonymous_23)
FN:184,(anonymous_24)
FN:192,(anonymous_25)
FN:193,(anonymous_26)
FN:196,(anonymous_27)
FN:197,(anonymous_28)
FN:205,(anonymous_29)
FN:210,(anonymous_30)
FN:219,(anonymous_31)
FN:230,(anonymous_32)
FN:243,(anonymous_33)
FN:249,(anonymous_34)
FN:261,(anonymous_35)
FN:264,(anonymous_36)
FN:271,(anonymous_37)
FN:290,(anonymous_38)
FN:301,(anonymous_39)
FN:318,(anonymous_40)
FN:337,(anonymous_41)
FN:420,(anonymous_42)
FN:423,(anonymous_43)
FNF:35
FNH:6
FNDA:13,(anonymous_9)
FNDA:0,(anonymous_10)
FNDA:0,(anonymous_11)
FNDA:0,(anonymous_12)
FNDA:0,(anonymous_13)
FNDA:0,(anonymous_14)
FNDA:0,(anonymous_15)
FNDA:0,(anonymous_16)
FNDA:0,(anonymous_17)
FNDA:0,(anonymous_18)
FNDA:0,(anonymous_19)
FNDA:0,(anonymous_20)
FNDA:0,(anonymous_21)
FNDA:0,(anonymous_22)
FNDA:0,(anonymous_23)
FNDA:0,(anonymous_24)
FNDA:0,(anonymous_25)
FNDA:0,(anonymous_26)
FNDA:0,(anonymous_27)
FNDA:0,(anonymous_28)
FNDA:0,(anonymous_29)
FNDA:0,(anonymous_30)
FNDA:0,(anonymous_31)
FNDA:0,(anonymous_32)
FNDA:0,(anonymous_33)
FNDA:0,(anonymous_34)
FNDA:12,(anonymous_35)
FNDA:36,(anonymous_36)
FNDA:12,(anonymous_37)
FNDA:0,(anonymous_38)
FNDA:12,(anonymous_39)
FNDA:36,(anonymous_40)
FNDA:0,(anonymous_41)
FNDA:0,(anonymous_42)
FNDA:0,(anonymous_43)
DA:1,1
DA:2,1
DA:14,1
DA:15,1
DA:16,1
DA:17,1
DA:34,1
DA:35,1
DA:42,1
DA:45,1
DA:47,1
DA:48,13
DA:49,12
DA:50,12
DA:51,12
DA:52,12
DA:53,12
DA:54,12
DA:55,12
DA:56,12
DA:57,12
DA:58,12
DA:59,12
DA:62,12
DA:69,12
DA:76,12
DA:77,12
DA:78,12
DA:79,12
DA:82,12
DA:83,12
DA:86,12
DA:87,0
DA:90,0
DA:91,0
DA:94,0
DA:95,0
DA:96,0
DA:98,0
DA:99,0
DA:100,0
DA:101,0
DA:102,0
DA:103,0
DA:108,12
DA:109,0
DA:110,0
DA:111,0
DA:112,0
DA:113,0
DA:117,0
DA:118,0
DA:119,0
DA:125,12
DA:126,0
DA:127,0
DA:128,0
DA:135,12
DA:137,0
DA:151,0
DA:158,0
DA:159,0
DA:167,12
DA:171,12
DA:172,0
DA:173,0
DA:174,0
DA:183,12
DA:184,0
DA:192,12
DA:193,0
DA:196,12
DA:197,0
DA:205,12
DA:206,0
DA:207,0
DA:210,12
DA:211,0
DA:212,0
DA:215,0
DA:219,12
DA:220,0
DA:222,0
DA:223,0
DA:230,12
DA:231,0
DA:233,0
DA:243,0
DA:246,0
DA:249,12
DA:250,0
DA:251,0
DA:253,0
DA:261,12
DA:262,12
DA:264,12
DA:265,36
DA:271,12
DA:272,12
DA:273,0
DA:282,12
DA:283,0
DA:290,0
DA:297,12
DA:301,12
DA:302,12
DA:303,0
DA:310,12
DA:312,12
DA:319,36
DA:337,0
DA:354,12
DA:420,1
DA:421,0
DA:423,0
DA:424,0
DA:425,0
DA:426,0
DA:430,0
DA:453,1
LF:120
LH:61
BRDA:87,0,0,0
BRDA:87,1,0,0
BRDA:87,1,1,0
BRDA:109,2,0,0
BRDA:118,3,0,0
BRDA:126,4,0,0
BRDA:158,5,0,0
BRDA:158,5,1,0
BRDA:173,6,0,0
BRDA:220,7,0,0
BRDA:220,8,0,0
BRDA:220,8,1,0
BRDA:231,9,0,0
BRDA:231,10,0,0
BRDA:231,10,1,0
BRDA:250,11,0,0
BRDA:250,11,1,0
BRDA:262,12,0,0
BRDA:262,13,0,12
BRDA:262,13,1,12
BRDA:265,14,0,36
BRDA:265,14,1,36
BRDA:272,15,0,0
BRDA:282,16,0,0
BRDA:302,17,0,0
BRDA:302,18,0,12
BRDA:302,18,1,12
BRDA:322,19,0,36
BRDA:322,19,1,36
BRDA:323,20,0,36
BRDA:323,20,1,0
BRDA:332,21,0,12
BRDA:332,21,1,12
BRDA:332,21,2,12
BRDA:332,21,3,12
BRDA:358,22,0,12
BRDA:358,22,1,0
BRDA:392,23,0,0
BRDA:392,23,1,12
BRDA:424,24,0,0
BRF:40
BRH:15
end_of_record
TN:
SF:src\screens\LobbyScreen.tsx
FN:43,(anonymous_9)
FN:65,(anonymous_10)
FN:66,(anonymous_11)
FN:73,(anonymous_12)
FN:89,(anonymous_13)
FN:90,(anonymous_14)
FN:95,(anonymous_15)
FN:103,(anonymous_16)
FN:106,(anonymous_17)
FN:107,(anonymous_18)
FN:108,(anonymous_19)
FN:116,(anonymous_20)
FN:117,(anonymous_21)
FN:123,(anonymous_22)
FN:129,(anonymous_23)
FN:138,(anonymous_24)
FN:147,(anonymous_25)
FN:150,(anonymous_26)
FN:153,(anonymous_27)
FN:154,(anonymous_28)
FN:168,(anonymous_29)
FN:171,(anonymous_30)
FN:184,(anonymous_31)
FN:193,(anonymous_32)
FN:206,(anonymous_33)
FN:216,(anonymous_34)
FN:236,(anonymous_35)
FN:237,(anonymous_36)
FN:243,(anonymous_37)
FN:284,(anonymous_38)
FN:383,(anonymous_39)
FNF:31
FNH:1
FNDA:51,(anonymous_9)
FNDA:0,(anonymous_10)
FNDA:0,(anonymous_11)
FNDA:0,(anonymous_12)
FNDA:0,(anonymous_13)
FNDA:0,(anonymous_14)
FNDA:0,(anonymous_15)
FNDA:0,(anonymous_16)
FNDA:0,(anonymous_17)
FNDA:0,(anonymous_18)
FNDA:0,(anonymous_19)
FNDA:0,(anonymous_20)
FNDA:0,(anonymous_21)
FNDA:0,(anonymous_22)
FNDA:0,(anonymous_23)
FNDA:0,(anonymous_24)
FNDA:0,(anonymous_25)
FNDA:0,(anonymous_26)
FNDA:0,(anonymous_27)
FNDA:0,(anonymous_28)
FNDA:0,(anonymous_29)
FNDA:0,(anonymous_30)
FNDA:0,(anonymous_31)
FNDA:0,(anonymous_32)
FNDA:0,(anonymous_33)
FNDA:0,(anonymous_34)
FNDA:0,(anonymous_35)
FNDA:0,(anonymous_36)
FNDA:0,(anonymous_37)
FNDA:0,(anonymous_38)
FNDA:0,(anonymous_39)
DA:1,1
DA:2,1
DA:12,1
DA:13,1
DA:14,1
DA:15,1
DA:17,1
DA:18,1
DA:30,1
DA:32,1
DA:43,1
DA:44,51
DA:45,50
DA:46,50
DA:47,50
DA:48,50
DA:49,50
DA:50,50
DA:53,50
DA:54,50
DA:55,50
DA:56,50
DA:59,50
DA:60,50
DA:61,50
DA:62,50
DA:65,50
DA:66,0
DA:70,0
DA:73,0
DA:74,0
DA:75,0
DA:76,0
DA:79,0
DA:89,0
DA:90,0
DA:91,0
DA:96,0
DA:103,50
DA:104,0
DA:106,0
DA:107,0
DA:108,0
DA:109,0
DA:116,0
DA:117,0
DA:120,0
DA:121,0
DA:123,0
DA:124,0
DA:125,0
DA:129,50
DA:130,0
DA:139,0
DA:140,0
DA:147,50
DA:148,0
DA:150,0
DA:153,0
DA:154,0
DA:155,0
DA:162,0
DA:168,50
DA:169,0
DA:171,0
DA:172,0
DA:173,0
DA:174,0
DA:177,0
DA:185,0
DA:186,0
DA:193,50
DA:194,0
DA:196,0
DA:206,0
DA:207,0
DA:210,0
DA:216,50
DA:217,0
DA:219,0
DA:229,0
DA:230,0
DA:236,50
DA:237,50
DA:239,50
DA:240,2
DA:248,48
DA:285,0
DA:286,0
DA:384,0
DA:416,1
LF:91
LH:39
BRDA:59,0,0,50
BRDA:59,0,1,2
BRDA:60,1,0,50
BRDA:60,1,1,2
BRDA:61,2,0,50
BRDA:61,2,1,2
BRDA:62,3,0,50
BRDA:62,3,1,2
BRDA:74,4,0,0
BRDA:90,5,0,0
BRDA:104,6,0,0
BRDA:109,7,0,0
BRDA:109,7,1,0
BRDA:148,8,0,0
BRDA:155,9,0,0
BRDA:155,9,1,0
BRDA:169,10,0,0
BRDA:169,11,0,0
BRDA:169,11,1,0
BRDA:171,12,0,0
BRDA:171,12,1,0
BRDA:172,13,0,0
BRDA:194,14,0,0
BRDA:194,15,0,0
BRDA:194,15,1,0
BRDA:194,15,2,0
BRDA:217,16,0,0
BRDA:217,17,0,0
BRDA:217,17,1,0
BRDA:220,18,0,0
BRDA:220,18,1,0
BRDA:224,19,0,0
BRDA:224,19,1,0
BRDA:225,20,0,0
BRDA:225,20,1,0
BRDA:236,21,0,0
BRDA:236,21,1,0
BRDA:237,22,0,50
BRDA:237,22,1,50
BRDA:239,23,0,2
BRDA:239,24,0,50
BRDA:239,24,1,48
BRDA:267,25,0,48
BRDA:267,25,1,2
BRDA:274,26,0,48
BRDA:274,26,1,2
BRDA:285,27,0,0
BRDA:285,27,1,0
BRDA:318,28,0,40
BRDA:318,28,1,8
BRDA:320,29,0,0
BRDA:320,29,1,40
BRDA:322,30,0,0
BRDA:322,30,1,40
BRDA:337,31,0,48
BRDA:337,31,1,8
BRDA:389,32,0,48
BRDA:389,32,1,48
BRF:58
BRH:25
end_of_record
TN:
SF:src\screens\MainMenuScreen.tsx
FN:18,(anonymous_9)
FN:27,(anonymous_10)
FN:33,(anonymous_11)
FN:36,(anonymous_12)
FN:41,(anonymous_13)
FN:49,(anonymous_14)
FN:53,(anonymous_15)
FN:57,(anonymous_16)
FN:61,(anonymous_17)
FN:132,(anonymous_18)
FN:175,(anonymous_19)
FN:184,(anonymous_20)
FNF:12
FNH:0
FNDA:0,(anonymous_9)
FNDA:0,(anonymous_10)
FNDA:0,(anonymous_11)
FNDA:0,(anonymous_12)
FNDA:0,(anonymous_13)
FNDA:0,(anonymous_14)
FNDA:0,(anonymous_15)
FNDA:0,(anonymous_16)
FNDA:0,(anonymous_17)
FNDA:0,(anonymous_18)
FNDA:0,(anonymous_19)
FNDA:0,(anonymous_20)
DA:1,0
DA:2,0
DA:3,0
DA:5,0
DA:7,0
DA:8,0
DA:9,0
DA:10,0
DA:11,0
DA:12,0
DA:13,0
DA:18,0
DA:19,0
DA:20,0
DA:22,0
DA:23,0
DA:24,0
DA:25,0
DA:27,0
DA:28,0
DA:30,0
DA:33,0
DA:34,0
DA:37,0
DA:38,0
DA:42,0
DA:49,0
DA:50,0
DA:53,0
DA:54,0
DA:57,0
DA:58,0
DA:61,0
DA:62,0
DA:63,0
DA:64,0
DA:65,0
DA:68,0
DA:133,0
DA:175,0
DA:176,0
DA:177,0
DA:178,0
DA:179,0
DA:180,0
DA:184,0
DA:185,0
DA:186,0
DA:187,0
DA:188,0
DA:189,0
DA:193,0
LF:52
LH:0
BRDA:37,0,0,0
BRDA:43,1,0,0
BRDA:43,1,1,0
BRDA:63,2,0,0
BRDA:64,3,0,0
BRDA:75,4,0,0
BRDA:75,4,1,0
BRDA:86,5,0,0
BRDA:86,5,1,0
BRDA:91,6,0,0
BRDA:91,6,1,0
BRDA:97,7,0,0
BRDA:97,7,1,0
BRDA:107,8,0,0
BRDA:107,8,1,0
BRDA:130,9,0,0
BRDA:130,9,1,0
BRDA:176,10,0,0
BRDA:176,10,1,0
BRDA:176,10,2,0
BRDA:176,10,3,0
BRDA:185,11,0,0
BRDA:185,11,1,0
BRDA:185,11,2,0
BRDA:185,11,3,0
BRF:25
BRH:0
end_of_record
TN:
SF:src\screens\ResultsScreen.tsx
FN:52,(anonymous_9)
FN:70,(anonymous_10)
FN:78,(anonymous_11)
FN:114,(anonymous_12)
FN:122,(anonymous_13)
FN:127,(anonymous_14)
FN:131,(anonymous_15)
FN:136,(anonymous_16)
FN:142,(anonymous_17)
FN:165,(anonymous_18)
FN:217,(anonymous_19)
FN:226,(anonymous_20)
FN:235,(anonymous_21)
FN:285,(anonymous_22)
FN:338,(anonymous_23)
FN:394,(anonymous_24)
FN:409,(anonymous_25)
FN:424,(anonymous_26)
FN:442,(anonymous_27)
FN:449,(anonymous_28)
FNF:20
FNH:0
FNDA:0,(anonymous_9)
FNDA:0,(anonymous_10)
FNDA:0,(anonymous_11)
FNDA:0,(anonymous_12)
FNDA:0,(anonymous_13)
FNDA:0,(anonymous_14)
FNDA:0,(anonymous_15)
FNDA:0,(anonymous_16)
FNDA:0,(anonymous_17)
FNDA:0,(anonymous_18)
FNDA:0,(anonymous_19)
FNDA:0,(anonymous_20)
FNDA:0,(anonymous_21)
FNDA:0,(anonymous_22)
FNDA:0,(anonymous_23)
FNDA:0,(anonymous_24)
FNDA:0,(anonymous_25)
FNDA:0,(anonymous_26)
FNDA:0,(anonymous_27)
FNDA:0,(anonymous_28)
DA:1,0
DA:2,0
DA:12,0
DA:13,0
DA:15,0
DA:24,0
DA:25,0
DA:26,0
DA:27,0
DA:28,0
DA:29,0
DA:31,0
DA:32,0
DA:50,0
DA:52,0
DA:53,0
DA:54,0
DA:55,0
DA:58,0
DA:59,0
DA:60,0
DA:61,0
DA:62,0
DA:63,0
DA:64,0
DA:67,0
DA:68,0
DA:70,0
DA:71,0
DA:74,0
DA:75,0
DA:78,0
DA:79,0
DA:80,0
DA:83,0
DA:84,0
DA:85,0
DA:89,0
DA:90,0
DA:93,0
DA:94,0
DA:97,0
DA:98,0
DA:101,0
DA:102,0
DA:106,0
DA:107,0
DA:109,0
DA:114,0
DA:115,0
DA:122,0
DA:123,0
DA:126,0
DA:127,0
DA:130,0
DA:131,0
DA:132,0
DA:136,0
DA:137,0
DA:142,0
DA:143,0
DA:145,0
DA:146,0
DA:148,0
DA:154,0
DA:155,0
DA:160,0
DA:165,0
DA:166,0
DA:168,0
DA:170,0
DA:177,0
DA:178,0
DA:185,0
DA:187,0
DA:217,0
DA:226,0
DA:235,0
DA:286,0
DA:339,0
DA:395,0
DA:410,0
DA:425,0
DA:442,0
DA:449,0
DA:458,0
LF:86
LH:0
BRDA:83,0,0,0
BRDA:101,1,0,0
BRDA:130,2,0,0
BRDA:130,2,1,0
BRDA:130,3,0,0
BRDA:130,3,1,0
BRDA:143,4,0,0
BRDA:143,5,0,0
BRDA:143,5,1,0
BRDA:148,6,0,0
BRDA:148,6,1,0
BRDA:151,7,0,0
BRDA:151,7,1,0
BRDA:166,8,0,0
BRDA:168,9,0,0
BRDA:168,9,1,0
BRDA:171,10,0,0
BRDA:171,10,1,0
BRDA:172,11,0,0
BRDA:172,11,1,0
BRDA:177,12,0,0
BRDA:185,13,0,0
BRDA:185,13,1,0
BRDA:190,14,0,0
BRDA:190,14,1,0
BRDA:201,15,0,0
BRDA:201,15,1,0
BRDA:201,15,2,0
BRDA:216,16,0,0
BRDA:216,16,1,0
BRDA:219,17,0,0
BRDA:219,17,1,0
BRDA:225,18,0,0
BRDA:225,18,1,0
BRDA:228,19,0,0
BRDA:228,19,1,0
BRDA:234,20,0,0
BRDA:234,20,1,0
BRDA:237,21,0,0
BRDA:237,21,1,0
BRDA:245,22,0,0
BRDA:245,22,1,0
BRDA:245,22,2,0
BRDA:303,23,0,0
BRDA:303,23,1,0
BRDA:325,24,0,0
BRDA:325,24,1,0
BRDA:325,24,2,0
BRDA:334,25,0,0
BRDA:334,25,1,0
BRDA:368,26,0,0
BRDA:368,26,1,0
BRDA:368,26,2,0
BRDA:391,27,0,0
BRDA:391,27,1,0
BRDA:406,28,0,0
BRDA:406,28,1,0
BRDA:421,29,0,0
BRDA:421,29,1,0
BRF:59
BRH:0
end_of_record
TN:
SF:src\screens\RoomBrowserScreen.tsx
FN:31,(anonymous_9)
FN:38,(anonymous_10)
FN:46,(anonymous_11)
FN:51,(anonymous_12)
FN:61,(anonymous_13)
FN:65,(anonymous_14)
FN:73,(anonymous_15)
FN:99,(anonymous_16)
FN:104,(anonymous_17)
FN:109,(anonymous_18)
FN:117,(anonymous_19)
FN:152,(anonymous_20)
FN:164,(anonymous_21)
FN:168,(anonymous_22)
FN:184,(anonymous_23)
FN:233,(anonymous_24)
FN:239,(anonymous_25)
FN:273,(anonymous_26)
FN:286,(anonymous_27)
FN:305,(anonymous_28)
FN:311,(anonymous_29)
FN:332,(anonymous_30)
FNF:22
FNH:0
FNDA:0,(anonymous_9)
FNDA:0,(anonymous_10)
FNDA:0,(anonymous_11)
FNDA:0,(anonymous_12)
FNDA:0,(anonymous_13)
FNDA:0,(anonymous_14)
FNDA:0,(anonymous_15)
FNDA:0,(anonymous_16)
FNDA:0,(anonymous_17)
FNDA:0,(anonymous_18)
FNDA:0,(anonymous_19)
FNDA:0,(anonymous_20)
FNDA:0,(anonymous_21)
FNDA:0,(anonymous_22)
FNDA:0,(anonymous_23)
FNDA:0,(anonymous_24)
FNDA:0,(anonymous_25)
FNDA:0,(anonymous_26)
FNDA:0,(anonymous_27)
FNDA:0,(anonymous_28)
FNDA:0,(anonymous_29)
FNDA:0,(anonymous_30)
DA:1,0
DA:2,0
DA:13,0
DA:15,0
DA:17,0
DA:18,0
DA:26,0
DA:27,0
DA:31,0
DA:32,0
DA:33,0
DA:35,0
DA:36,0
DA:37,0
DA:38,0
DA:40,0
DA:41,0
DA:42,0
DA:43,0
DA:44,0
DA:46,0
DA:47,0
DA:48,0
DA:51,0
DA:52,0
DA:53,0
DA:57,0
DA:61,0
DA:62,0
DA:65,0
DA:67,0
DA:73,0
DA:74,0
DA:75,0
DA:79,0
DA:82,0
DA:83,0
DA:84,0
DA:88,0
DA:92,0
DA:96,0
DA:99,0
DA:100,0
DA:101,0
DA:104,0
DA:105,0
DA:106,0
DA:109,0
DA:110,0
DA:111,0
DA:112,0
DA:113,0
DA:114,0
DA:117,0
DA:118,0
DA:152,0
DA:160,0
DA:164,0
DA:168,0
DA:184,0
DA:233,0
DA:239,0
DA:273,0
DA:286,0
DA:305,0
DA:311,0
DA:332,0
DA:343,0
LF:68
LH:0
BRDA:52,0,0,0
BRDA:74,1,0,0
BRDA:83,2,0,0
BRDA:83,3,0,0
BRDA:83,3,1,0
BRDA:83,3,2,0
BRDA:111,4,0,0
BRDA:112,5,0,0
BRDA:113,6,0,0
BRDA:129,7,0,0
BRDA:129,7,1,0
BRDA:136,8,0,0
BRDA:136,8,1,0
BRDA:151,9,0,0
BRDA:151,9,1,0
BRDA:153,10,0,0
BRDA:153,10,1,0
BRDA:171,11,0,0
BRDA:171,11,1,0
BRDA:196,12,0,0
BRDA:196,12,1,0
BRDA:213,13,0,0
BRDA:213,13,1,0
BRDA:275,14,0,0
BRDA:275,14,1,0
BRDA:276,15,0,0
BRDA:276,15,1,0
BRF:27
BRH:0
end_of_record
TN:
SF:src\screens\SettingsScreen.tsx
FN:30,(anonymous_9)
FN:40,(anonymous_10)
FN:44,(anonymous_11)
FN:48,(anonymous_12)
FN:54,(anonymous_13)
FN:62,(anonymous_14)
FN:71,(anonymous_15)
FN:84,(anonymous_16)
FN:93,(anonymous_17)
FN:105,(anonymous_18)
FN:129,(anonymous_19)
FN:159,(anonymous_20)
FN:195,(anonymous_21)
FN:202,(anonymous_22)
FN:209,(anonymous_23)
FN:257,(anonymous_24)
FN:268,(anonymous_25)
FN:279,(anonymous_26)
FNF:18
FNH:0
FNDA:0,(anonymous_9)
FNDA:0,(anonymous_10)
FNDA:0,(anonymous_11)
FNDA:0,(anonymous_12)
FNDA:0,(anonymous_13)
FNDA:0,(anonymous_14)
FNDA:0,(anonymous_15)
FNDA:0,(anonymous_16)
FNDA:0,(anonymous_17)
FNDA:0,(anonymous_18)
FNDA:0,(anonymous_19)
FNDA:0,(anonymous_20)
FNDA:0,(anonymous_21)
FNDA:0,(anonymous_22)
FNDA:0,(anonymous_23)
FNDA:0,(anonymous_24)
FNDA:0,(anonymous_25)
FNDA:0,(anonymous_26)
DA:1,0
DA:2,0
DA:12,0
DA:14,0
DA:16,0
DA:17,0
DA:18,0
DA:26,0
DA:30,0
DA:31,0
DA:32,0
DA:34,0
DA:35,0
DA:36,0
DA:38,0
DA:40,0
DA:41,0
DA:44,0
DA:45,0
DA:48,0
DA:49,0
DA:50,0
DA:51,0
DA:54,0
DA:55,0
DA:56,0
DA:62,0
DA:63,0
DA:72,0
DA:73,0
DA:77,0
DA:84,0
DA:85,0
DA:95,0
DA:105,0
DA:112,0
DA:129,0
DA:136,0
DA:155,0
DA:159,0
DA:195,0
DA:202,0
DA:209,0
DA:258,0
DA:269,0
DA:280,0
DA:320,0
LF:47
LH:0
BRDA:57,0,0,0
BRDA:57,0,1,0
BRDA:124,1,0,0
BRDA:124,1,1,0
BRDA:134,2,0,0
BRDA:141,3,0,0
BRDA:141,3,1,0
BRDA:145,4,0,0
BRDA:145,4,1,0
BRDA:173,5,0,0
BRDA:173,5,1,0
BRDA:177,6,0,0
BRDA:177,6,1,0
BRDA:178,7,0,0
BRDA:178,7,1,0
BRDA:219,8,0,0
BRDA:219,8,1,0
BRDA:232,9,0,0
BRDA:232,9,1,0
BRF:19
BRH:0
end_of_record
TN:
SF:src\screens\index.ts
FNF:0
FNH:0
DA:2,0
DA:3,0
DA:4,0
DA:5,0
DA:6,0
DA:7,0
DA:8,0
DA:9,0
DA:10,0
LF:9
LH:0
BRF:0
BRH:0
end_of_record
TN:
SF:src\services\VoiceChatManager.ts
FN:28,(anonymous_1)
FN:35,(anonymous_2)
FN:45,(anonymous_3)
FN:46,(anonymous_4)
FN:50,(anonymous_5)
FN:54,(anonymous_6)
FN:62,(anonymous_7)
FN:76,(anonymous_8)
FN:88,(anonymous_9)
FN:92,(anonymous_10)
FN:96,(anonymous_11)
FN:102,(anonymous_12)
FN:109,(anonymous_13)
FN:114,(anonymous_14)
FN:136,(anonymous_15)
FN:139,(anonymous_16)
FN:143,(anonymous_17)
FN:147,(anonymous_18)
FN:151,(anonymous_19)
FN:155,(anonymous_20)
FN:160,(anonymous_21)
FN:183,(anonymous_22)
FN:198,(anonymous_23)
FN:217,(anonymous_24)
FN:238,(anonymous_25)
FN:252,(anonymous_26)
FN:256,(anonymous_27)
FN:260,(anonymous_28)
[...]
FNDA:39,(anonymous_46)
FNDA:38,(anonymous_47)
FNDA:57,(anonymous_48)
FNDA:48,(anonymous_49)
FNDA:38,(anonymous_50)
FNDA:57,(anonymous_51)
FNDA:39,(anonymous_52)
FNDA:49,(anonymous_53)
FNDA:15,(anonymous_54)
FNDA:42,(anonymous_55)
DA:1,3
DA:2,3
DA:3,3
DA:33,3
DA:50,3
DA:53,2
DA:54,2
DA:55,2
DA:57,0
DA:62,3
DA:71,4
DA:72,4
DA:75,10
DA:79,4
DA:81,4
DA:88,4
DA:90,0
DA:95,3
DA:102,2
DA:103,2
DA:104,2
DA:106,2
DA:107,0
DA:111,2
DA:113,2
DA:114,2
DA:116,0
DA:117,0
DA:119,0
DA:124,0
DA:127,2
DA:133,0
DA:138,3
DA:143,18
DA:144,18
DA:147,18
DA:148,1
DA:153,9
DA:160,9
DA:164,2
DA:168,1
DA:169,1
DA:170,1
DA:178,4
DA:182,3
DA:186,5
DA:193,1
DA:202,11
DA:213,2
DA:214,2
DA:215,2
DA:220,1
DA:227,64
DA:235,64
DA:236,10
DA:241,2
DA:245,1
DA:254,11
DA:262,1
DA:269,1
DA:278,2
DA:279,2
DA:280,2
DA:281,2
DA:282,2
DA:291,1
DA:301,1
DA:310,1
DA:320,1
DA:328,1
DA:338,1
DA:343,3
DA:346,2
DA:349,2
DA:350,2
DA:352,2
DA:355,0
DA:356,0
DA:370,4
DA:371,0
DA:377,4
DA:385,0
DA:395,2
DA:398,2
DA:399,2
DA:400,2
DA:404,2
DA:410,0
DA:420,3
DA:445,3
DA:446,39
DA:447,39
DA:448,39
DA:449,38
DA:450,57
DA:451,48
DA:452,38
DA:453,57
DA:456,3
DA:457,39
DA:459,3
DA:460,49
DA:462,3
DA:463,42
DA:465,42
DA:466,39
DA:467,36
DA:468,34
DA:469,30
DA:472,3
LF:110
LH:97
BRDA:57,0,0,0
BRDA:57,0,1,0
BRDA:90,1,0,0
BRDA:90,1,1,0
BRDA:106,2,0,0
BRDA:111,3,0,2
BRDA:111,3,1,0
BRDA:111,3,2,0
BRDA:119,4,0,0
BRDA:119,4,1,0
BRDA:133,5,0,0
BRDA:133,5,1,0
BRDA:147,6,0,1
BRDA:147,7,0,18
BRDA:147,7,1,3
BRDA:147,7,2,3
BRDA:169,8,0,1
BRDA:214,9,0,2
BRDA:235,10,0,10
BRDA:399,11,0,2
BRDA:465,12,0,3
BRDA:466,13,0,3
BRDA:467,14,0,2
BRDA:468,15,0,4
BRDA:468,16,0,34
BRDA:468,16,1,4
BRF:26
BRH:15
end_of_record
TN:
SF:src\store\slices\roomsSlice.ts
FN:47,(anonymous_0)
FN:61,(anonymous_1)
FN:87,(anonymous_2)
FN:103,(anonymous_3)
FN:106,(anonymous_4)
FN:109,(anonymous_5)
FN:118,(anonymous_6)
FN:123,(anonymous_7)
FN:126,(anonymous_8)
FN:130,(anonymous_9)
FN:134,(anonymous_10)
FN:139,(anonymous_11)
FN:143,(anonymous_12)
FN:147,(anonymous_13)
FN:152,(anonymous_14)
FN:167,(anonymous_15)
FN:168,(anonymous_16)
FN:170,(anonymous_17)
FN:172,(anonymous_18)
FN:174,(anonymous_19)
FN:176,(anonymous_20)
FN:178,(anonymous_21)
FN:183,(anonymous_22)
FN:184,(anonymous_23)
FN:193,(anonymous_24)
FNF:25
FNH:1
FNDA:0,(anonymous_0)
FNDA:0,(anonymous_1)
FNDA:0,(anonymous_2)
FNDA:0,(anonymous_3)
FNDA:0,(anonymous_4)
FNDA:0,(anonymous_5)
FNDA:0,(anonymous_6)
FNDA:1,(anonymous_7)
FNDA:0,(anonymous_8)
FNDA:0,(anonymous_9)
FNDA:0,(anonymous_10)
FNDA:0,(anonymous_11)
FNDA:0,(anonymous_12)
FNDA:0,(anonymous_13)
FNDA:0,(anonymous_14)
FNDA:0,(anonymous_15)
FNDA:0,(anonymous_16)
FNDA:0,(anonymous_17)
FNDA:0,(anonymous_18)
FNDA:0,(anonymous_19)
FNDA:0,(anonymous_20)
FNDA:0,(anonymous_21)
FNDA:0,(anonymous_22)
FNDA:0,(anonymous_23)
FNDA:0,(anonymous_24)
DA:1,1
DA:7,1
DA:29,1
DA:45,1
DA:48,0
DA:49,0
DA:50,0
DA:52,0
DA:59,1
DA:62,0
DA:63,0
DA:66,0
DA:67,0
DA:71,0
DA:78,0
DA:85,1
DA:88,0
DA:89,0
DA:90,0
DA:92,0
DA:99,1
DA:104,0
DA:107,0
DA:113,0
DA:119,0
DA:120,0
DA:124,1
DA:127,0
DA:128,0
DA:131,0
DA:132,0
DA:135,0
DA:136,0
DA:140,0
DA:141,0
DA:144,0
DA:145,0
DA:148,0
DA:149,0
DA:153,0
DA:154,0
DA:159,1
DA:167,1
DA:168,1
DA:169,0
DA:170,1
DA:171,0
DA:172,1
DA:173,0
DA:174,1
DA:175,0
DA:176,1
DA:177,0
DA:178,1
DA:179,0
DA:182,1
DA:183,0
DA:185,0
DA:186,0
DA:189,0
DA:190,0
DA:193,0
DA:194,0
DA:195,0
DA:197,0
DA:201,0
DA:203,0
DA:208,0
DA:210,0
LF:69
LH:17
BRDA:53,0,0,0
BRDA:53,0,1,0
BRDA:66,1,0,0
BRDA:66,2,0,0
BRDA:66,2,1,0
BRDA:79,3,0,0
BRDA:79,3,1,0
BRDA:93,4,0,0
BRDA:93,4,1,0
BRDA:185,5,0,0
BRDA:185,6,0,0
BRDA:185,6,1,0
BRDA:189,7,0,0
BRDA:189,8,0,0
BRDA:189,8,1,0
BRDA:194,9,0,0
BRDA:194,10,0,0
BRDA:194,10,1,0
BRDA:197,11,0,0
BRDA:198,12,0,0
BRDA:198,12,1,0
BRDA:203,13,0,0
BRDA:204,14,0,0
BRDA:204,14,1,0
BRDA:204,14,2,0
BRF:25
BRH:0
end_of_record
TN:
SF:src\store\slices\uiSlice.ts
FN:81,(anonymous_0)
FN:88,(anonymous_1)
FN:94,(anonymous_2)
FN:96,(anonymous_3)
FN:100,(anonymous_4)
FN:101,(anonymous_5)
FN:104,(anonymous_6)
FN:105,(anonymous_7)
FN:108,(anonymous_8)
FN:113,(anonymous_9)
FN:124,(anonymous_10)
FN:125,(anonymous_11)
FN:128,(anonymous_12)
FN:132,(anonymous_13)
FN:134,(anonymous_14)
FN:140,(anonymous_15)
FN:144,(anonymous_16)
FN:149,(anonymous_17)
FN:161,(anonymous_18)
FN:167,(anonymous_19)
FN:172,(anonymous_20)
FN:176,(anonymous_21)
FN:180,(anonymous_22)
FN:184,(anonymous_23)
FN:188,(anonymous_24)
FN:193,(anonymous_25)
FN:197,(anonymous_26)
FN:201,(anonymous_27)
FN:205,(anonymous_28)
FN:214,(anonymous_29)
FN:221,(anonymous_30)
FN:227,(anonymous_31)
FN:237,(anonymous_32)
FN:283,(anonymous_33)
FN:284,(anonymous_34)
FN:285,(anonymous_35)
FN:286,(anonymous_36)
FN:287,(anonymous_37)
FN:288,(anonymous_38)
FN:289,(anonymous_39)
FN:290,(anonymous_40)
FN:291,(anonymous_41)
FN:292,(anonymous_42)
FNF:43
FNH:37
FNDA:4,(anonymous_0)
FNDA:2,(anonymous_1)
FNDA:9,(anonymous_2)
FNDA:3,(anonymous_3)
FNDA:1,(anonymous_4)
FNDA:1,(anonymous_5)
FNDA:1,(anonymous_6)
FNDA:2,(anonymous_7)
FNDA:1,(anonymous_8)
FNDA:10,(anonymous_9)
FNDA:1,(anonymous_10)
FNDA:1,(anonymous_11)
FNDA:1,(anonymous_12)
FNDA:1,(anonymous_13)
FNDA:3,(anonymous_14)
FNDA:2,(anonymous_15)
FNDA:2,(anonymous_16)
FNDA:18,(anonymous_17)
FNDA:2,(anonymous_18)
FNDA:1,(anonymous_19)
FNDA:2,(anonymous_20)
FNDA:2,(anonymous_21)
FNDA:2,(anonymous_22)
FNDA:2,(anonymous_23)
FNDA:2,(anonymous_24)
FNDA:1,(anonymous_25)
FNDA:1,(anonymous_26)
FNDA:1,(anonymous_27)
FNDA:1,(anonymous_28)
FNDA:2,(anonymous_29)
FNDA:2,(anonymous_30)
FNDA:3,(anonymous_31)
FNDA:1,(anonymous_32)
FNDA:1,(anonymous_33)
FNDA:1,(anonymous_34)
FNDA:0,(anonymous_35)
FNDA:0,(anonymous_36)
FNDA:1,(anonymous_37)
FNDA:1,(anonymous_38)
FNDA:0,(anonymous_39)
FNDA:0,(anonymous_40)
FNDA:0,(anonymous_41)
FNDA:0,(anonymous_42)
DA:1,7
DA:56,7
DA:76,7
DA:82,4
DA:83,4
DA:84,1
DA:89,2
DA:90,2
DA:96,9
DA:97,9
DA:101,1
DA:105,2
DA:109,1
DA:114,10
DA:121,10
DA:125,1
DA:129,1
DA:133,1
DA:134,1
DA:135,3
DA:141,2
DA:145,2
DA:150,18
DA:151,17
DA:152,17
DA:155,17
DA:156,2
DA:162,2
DA:163,1
DA:168,1
DA:173,2
DA:177,2
DA:181,2
DA:185,2
DA:189,2
DA:194,1
DA:198,1
DA:202,1
DA:210,1
DA:215,2
DA:216,2
DA:217,1
DA:222,2
DA:223,2
DA:228,3
DA:229,2
DA:231,3
DA:232,2
DA:238,1
DA:239,1
DA:240,1
DA:241,1
DA:242,1
DA:243,1
DA:244,1
DA:245,1
DA:246,1
DA:251,7
DA:283,7
DA:284,7
DA:285,7
DA:286,7
DA:287,7
DA:288,7
DA:289,7
DA:290,7
DA:291,7
DA:292,7
LF:68
LH:68
BRDA:83,0,0,1
BRDA:135,1,0,3
BRDA:135,1,1,2
BRDA:135,1,2,2
BRDA:145,2,0,1
BRDA:145,2,1,1
BRDA:150,3,0,17
BRDA:155,4,0,2
BRDA:162,5,0,1
BRDA:216,6,0,1
BRDA:228,7,0,2
BRDA:231,8,0,2
BRF:12
BRH:12
end_of_record
TN:
SF:src\utils\animations.ts
FN:53,(anonymous_0)
FN:65,(anonymous_1)
FN:77,(anonymous_2)
FN:102,(anonymous_3)
FN:125,(anonymous_4)
FN:146,(anonymous_5)
FN:178,(anonymous_6)
FN:185,(anonymous_7)
FN:201,(anonymous_8)
FN:231,(anonymous_9)
FN:260,(anonymous_10)
FN:275,(anonymous_11)
FN:292,(anonymous_12)
FN:326,(anonymous_13)
FN:344,(anonymous_14)
FN:356,(anonymous_15)
FN:358,(anonymous_16)
FN:363,(anonymous_17)
FNF:18
FNH:13
FNDA:1,(anonymous_0)
FNDA:0,(anonymous_1)
FNDA:1,(anonymous_2)
FNDA:1,(anonymous_3)
FNDA:0,(anonymous_4)
FNDA:127,(anonymous_5)
FNDA:38,(anonymous_6)
FNDA:0,(anonymous_7)
FNDA:38,(anonymous_8)
FNDA:1,(anonymous_9)
FNDA:1,(anonymous_10)
FNDA:0,(anonymous_11)
FNDA:1,(anonymous_12)
FNDA:25,(anonymous_13)
FNDA:2,(anonymous_14)
FNDA:1,(anonymous_15)
FNDA:2,(anonymous_16)
FNDA:0,(anonymous_17)
DA:1,10
DA:15,10
DA:53,10
DA:59,1
DA:66,0
DA:67,0
DA:77,10
DA:83,1
DA:90,1
DA:95,1
DA:102,10
DA:108,1
DA:109,1
DA:126,0
DA:127,0
DA:136,0
DA:146,10
DA:152,127
DA:153,0
DA:159,127
DA:178,10
DA:185,38
DA:186,0
DA:188,0
DA:190,0
DA:192,0
DA:194,0
DA:197,0
DA:201,38
DA:202,38
DA:205,37
DA:208,0
DA:211,1
DA:215,38
DA:216,38
DA:224,0
DA:231,10
DA:237,1
DA:238,1
DA:254,0
DA:260,10
DA:266,1
DA:267,1
DA:276,0
DA:277,0
DA:286,0
DA:292,10
DA:298,1
DA:305,1
DA:312,1
DA:319,1
DA:326,10
DA:333,25
DA:335,25
DA:339,10
DA:344,2
DA:358,2
DA:363,10
DA:366,0
LF:59
LH:40
BRDA:63,0,0,0
BRDA:63,0,1,1
BRDA:66,1,0,0
BRDA:66,2,0,0
BRDA:66,2,1,0
BRDA:84,3,0,0
BRDA:84,3,1,1
BRDA:91,4,0,0
BRDA:91,4,1,1
BRDA:91,5,0,0
BRDA:91,5,1,1
BRDA:108,6,0,1
BRDA:126,7,0,0
BRDA:126,8,0,0
BRDA:126,8,1,0
BRDA:148,9,0,1
BRDA:152,10,0,0
BRDA:161,11,0,0
BRDA:161,11,1,127
BRDA:167,12,0,0
BRDA:167,12,1,127
BRDA:180,13,0,1
BRDA:181,14,0,1
BRDA:186,15,0,0
BRDA:186,15,1,0
BRDA:186,15,2,0
BRDA:186,15,3,0
BRDA:186,15,4,0
BRDA:186,15,5,0
BRDA:202,16,0,37
BRDA:202,16,1,37
BRDA:202,16,2,0
BRDA:202,16,3,0
BRDA:202,16,4,1
BRDA:202,16,5,1
BRDA:215,17,0,38
BRDA:233,18,0,1
BRDA:237,19,0,1
BRDA:266,20,0,1
BRDA:276,21,0,0
BRDA:276,22,0,0
BRDA:276,22,1,0
BRDA:329,23,0,1
BRDA:346,24,0,1
BRDA:346,24,1,1
BRDA:347,25,0,1
BRDA:347,25,1,1
BRDA:348,26,0,1
BRDA:348,26,1,1
BRDA:351,27,0,1
BRDA:351,27,1,1
BRDA:351,28,0,1
BRDA:351,28,1,1
BRDA:363,29,0,0
BRF:54
BRH:29
end_of_record
TN:
SF:src\utils\clientCache.ts
FN:23,(anonymous_1)
FN:35,(anonymous_2)
FN:57,(anonymous_3)
FN:68,(anonymous_4)
FN:76,(anonymous_5)
FN:98,(anonymous_6)
FN:109,(anonymous_7)
FN:116,(anonymous_8)
FN:149,(anonymous_9)
FN:167,(anonymous_10)
FN:171,(anonymous_11)
FN:182,(anonymous_12)
FN:191,(anonymous_13)
FN:200,(anonymous_14)
FN:210,(anonymous_15)
FN:217,(anonymous_16)
FN:227,(anonymous_17)
FN:231,(anonymous_18)
FN:232,(anonymous_19)
FN:236,(anonymous_20)
FN:273,(anonymous_21)
FN:283,(anonymous_22)
FN:287,(anonymous_23)
FN:314,(anonymous_24)
FN:325,(anonymous_25)
FNF:25
FNH:0
FNDA:0,(anonymous_1)
FNDA:0,(anonymous_2)
FNDA:0,(anonymous_3)
FNDA:0,(anonymous_4)
FNDA:0,(anonymous_5)
FNDA:0,(anonymous_6)
FNDA:0,(anonymous_7)
FNDA:0,(anonymous_8)
FNDA:0,(anonymous_9)
FNDA:0,(anonymous_10)
FNDA:0,(anonymous_11)
FNDA:0,(anonymous_12)
FNDA:0,(anonymous_13)
FNDA:0,(anonymous_14)
FNDA:0,(anonymous_15)
FNDA:0,(anonymous_16)
FNDA:0,(anonymous_17)
FNDA:0,(anonymous_18)
FNDA:0,(anonymous_19)
FNDA:0,(anonymous_20)
FNDA:0,(anonymous_21)
FNDA:0,(anonymous_22)
FNDA:0,(anonymous_23)
FNDA:0,(anonymous_24)
FNDA:0,(anonymous_25)
DA:1,0
DA:18,0
DA:21,0
DA:24,0
DA:25,0
DA:32,0
DA:36,0
DA:38,0
DA:39,0
DA:40,0
DA:41,0
DA:42,0
DA:44,0
DA:45,0
DA:46,0
DA:47,0
DA:48,0
DA:53,0
DA:58,0
DA:60,0
DA:61,0
DA:62,0
DA:64,0
DA:69,0
DA:70,0
DA:72,0
DA:77,0
DA:79,0
DA:80,0
DA:82,0
DA:83,0
DA:84,0
DA:85,0
DA:89,0
DA:90,0
DA:91,0
DA:92,0
DA:93,0
DA:99,0
DA:100,0
DA:102,0
DA:103,0
DA:104,0
DA:105,0
DA:109,0
DA:111,0
DA:112,0
DA:117,0
DA:118,0
DA:121,0
DA:122,0
DA:126,0
DA:127,0
DA:128,0
DA:131,0
DA:132,0
DA:133,0
DA:136,0
DA:143,0
DA:144,0
DA:146,0
DA:150,0
DA:152,0
DA:153,0
DA:155,0
DA:156,0
DA:157,0
DA:158,0
DA:159,0
DA:163,0
DA:164,0
DA:168,0
DA:172,0
DA:173,0
DA:174,0
DA:175,0
DA:176,0
DA:177,0
DA:179,0
DA:183,0
DA:184,0
DA:186,0
DA:187,0
DA:192,0
DA:201,0
DA:202,0
DA:208,0
DA:211,0
DA:212,0
DA:214,0
DA:218,0
DA:219,0
DA:222,0
DA:223,0
DA:224,0
DA:228,0
DA:232,0
DA:233,0
DA:237,0
DA:238,0
DA:239,0
DA:241,0
DA:245,0
DA:248,0
DA:254,0
DA:260,0
DA:266,0
DA:273,0
DA:279,0
DA:280,0
DA:281,0
DA:283,0
DA:284,0
DA:285,0
DA:287,0
DA:288,0
DA:289,0
DA:290,0
DA:293,0
DA:294,0
DA:295,0
DA:296,0
DA:297,0
DA:301,0
DA:302,0
DA:303,0
DA:305,0
DA:307,0
DA:311,0
DA:314,0
DA:315,0
DA:316,0
DA:317,0
DA:321,0
DA:325,0
DA:326,0
DA:328,0
DA:329,0
DA:330,0
DA:333,0
DA:335,0
LF:141
LH:0
BRDA:23,0,0,0
BRDA:26,1,0,0
BRDA:26,1,1,0
BRDA:27,2,0,0
BRDA:27,2,1,0
BRDA:29,3,0,0
BRDA:29,3,1,0
BRDA:36,4,0,0
BRDA:40,5,0,0
BRDA:46,6,0,0
BRDA:58,7,0,0
BRDA:77,8,0,0
BRDA:83,9,0,0
BRDA:89,10,0,0
BRDA:91,11,0,0
BRDA:103,12,0,0
BRDA:111,13,0,0
BRDA:118,14,0,0
BRDA:118,14,1,0
BRDA:121,15,0,0
BRDA:121,15,1,0
BRDA:126,16,0,0
BRDA:132,17,0,0
BRDA:153,18,0,0
BRDA:155,19,0,0
BRDA:173,20,0,0
BRDA:186,21,0,0
BRDA:211,22,0,0
BRDA:217,23,0,0
BRDA:218,24,0,0
BRDA:276,25,0,0
BRDA:285,26,0,0
BRDA:294,27,0,0
BRDA:316,28,0,0
BRDA:329,29,0,0
BRF:35
BRH:0
end_of_record
TN:
SF:src\utils\constants.ts
FNF:0
FNH:0
DA:1,0
DA:14,0
DA:23,0
DA:29,0
DA:37,0
DA:45,0
LF:6
LH:0
BRF:0
BRH:0
end_of_record
TN:
SF:src\utils\helpers.ts
FN:1,(anonymous_0)
FN:7,(anonymous_1)
FN:16,(anonymous_2)
FN:17,(anonymous_3)
FN:20,(anonymous_4)
FN:21,(anonymous_5)
FN:24,(anonymous_6)
FN:25,(anonymous_7)
FN:28,(anonymous_8)
FN:33,(anonymous_9)
FN:38,(anonymous_10)
FN:40,(anonymous_11)
FN:44,(anonymous_12)
FN:49,(anonymous_13)
FNF:14
FNH:0
FNDA:0,(anonymous_0)
FNDA:0,(anonymous_1)
FNDA:0,(anonymous_2)
FNDA:0,(anonymous_3)
FNDA:0,(anonymous_4)
FNDA:0,(anonymous_5)
FNDA:0,(anonymous_6)
FNDA:0,(anonymous_7)
FNDA:0,(anonymous_8)
FNDA:0,(anonymous_9)
FNDA:0,(anonymous_10)
FNDA:0,(anonymous_11)
FNDA:0,(anonymous_12)
FNDA:0,(anonymous_13)
DA:1,0
DA:2,0
DA:3,0
DA:4,0
DA:7,0
DA:8,0
DA:9,0
DA:10,0
DA:11,0
DA:13,0
DA:16,0
DA:17,0
DA:20,0
DA:21,0
DA:24,0
DA:25,0
DA:28,0
DA:29,0
DA:30,0
DA:33,0
DA:38,0
DA:39,0
DA:40,0
DA:44,0
DA:48,0
DA:49,0
DA:50,0
DA:51,0
DA:52,0
DA:53,0
LF:30
LH:0
BRDA:29,0,0,0
BRDA:51,1,0,0
BRF:2
BRH:0
end_of_record
TN:
SF:src\utils\imageOptimization.ts
FN:18,(anonymous_0)
FN:70,(anonymous_1)
FN:83,(anonymous_2)
FN:84,(anonymous_3)
FN:85,(anonymous_4)
FN:87,(anonymous_5)
FN:88,(anonymous_6)
FN:96,(anonymous_7)
FN:104,(anonymous_8)
FN:108,(anonymous_9)
FN:113,(anonymous_10)
FN:114,(anonymous_11)
FN:116,(anonymous_12)
FN:122,(anonymous_13)
FN:133,(anonymous_14)
FN:142,(anonymous_15)
FN:144,(anonymous_16)
FN:149,(anonymous_17)
FN:160,(anonymous_18)
FN:164,(anonymous_19)
FN:169,(anonymous_20)
FN:178,(anonymous_21)
FN:187,(anonymous_22)
FNF:23
FNH:0
FNDA:0,(anonymous_0)
FNDA:0,(anonymous_1)
FNDA:0,(anonymous_2)
FNDA:0,(anonymous_3)
FNDA:0,(anonymous_4)
FNDA:0,(anonymous_5)
FNDA:0,(anonymous_6)
FNDA:0,(anonymous_7)
FNDA:0,(anonymous_8)
FNDA:0,(anonymous_9)
FNDA:0,(anonymous_10)
FNDA:0,(anonymous_11)
FNDA:0,(anonymous_12)
FNDA:0,(anonymous_13)
FNDA:0,(anonymous_14)
FNDA:0,(anonymous_15)
FNDA:0,(anonymous_16)
FNDA:0,(anonymous_17)
FNDA:0,(anonymous_18)
FNDA:0,(anonymous_19)
FNDA:0,(anonymous_20)
FNDA:0,(anonymous_21)
FNDA:0,(anonymous_22)
DA:1,0
DA:3,0
DA:4,0
DA:15,0
DA:16,0
DA:22,0
DA:23,0
DA:33,0
DA:35,0
DA:38,0
DA:39,0
DA:43,0
DA:44,0
DA:48,0
DA:51,0
DA:54,0
DA:55,0
DA:59,0
DA:60,0
DA:64,0
DA:66,0
DA:67,0
DA:74,0
DA:75,0
DA:77,0
DA:84,0
DA:85,0
DA:86,0
DA:87,0
DA:88,0
DA:89,0
DA:93,0
DA:97,0
DA:105,0
DA:110,0
DA:114,0
DA:115,0
DA:116,0
DA:117,0
DA:122,0
DA:123,0
DA:129,0
DA:130,0
DA:131,0
DA:134,0
DA:135,0
DA:138,0
DA:139,0
DA:142,0
DA:143,0
DA:144,0
DA:145,0
DA:146,0
DA:147,0
DA:149,0
DA:150,0
DA:151,0
DA:153,0
DA:156,0
DA:157,0
DA:161,0
DA:165,0
DA:166,0
DA:170,0
DA:178,0
DA:184,0
DA:187,0
DA:194,0
LF:68
LH:0
BRDA:20,0,0,0
BRDA:22,1,0,0
BRDA:27,2,0,0
BRDA:29,3,0,0
BRDA:30,4,0,0
BRDA:32,5,0,0
BRDA:38,6,0,0
BRDA:43,7,0,0
BRDA:54,8,0,0
BRDA:59,9,0,0
BRDA:96,10,0,0
BRDA:104,11,0,0
BRDA:134,12,0,0
BRDA:138,13,0,0
BRDA:180,14,0,0
BRF:15
BRH:0
end_of_record
TN:
SF:src\utils\index.ts
FNF:0
FNH:0
DA:2,0
DA:3,0
DA:4,0
LF:3
LH:0
BRF:0
BRH:0
end_of_record
TN:
SF:src\utils\lazyImports.ts
FN:4,(anonymous_9)
FN:4,(anonymous_10)
FN:5,(anonymous_11)
FN:5,(anonymous_12)
FN:6,(anonymous_13)
FN:6,(anonymous_14)
FN:7,(anonymous_15)
FN:7,(anonymous_16)
FN:8,(anonymous_17)
FN:8,(anonymous_18)
FN:11,(anonymous_19)
FN:11,(anonymous_20)
FN:12,(anonymous_21)
FN:12,(anonymous_22)
FN:13,(anonymous_23)
FN:13,(anonymous_24)
FN:14,(anonymous_25)
FN:14,(anonymous_26)
FN:17,(anonymous_27)
FN:17,(anonymous_28)
FN:18,(anonymous_29)
FN:18,(anonymous_30)
FN:21,(anonymous_31)
FN:25,(anonymous_32)
FN:27,(anonymous_33)
FN:29,(anonymous_34)
FN:31,(anonymous_35)
FN:42,(anonymous_36)
FN:47,(anonymous_37)
FNF:29
FNH:0
FNDA:0,(anonymous_9)
FNDA:0,(anonymous_10)
FNDA:0,(anonymous_11)
FNDA:0,(anonymous_12)
FNDA:0,(anonymous_13)
FNDA:0,(anonymous_14)
FNDA:0,(anonymous_15)
FNDA:0,(anonymous_16)
FNDA:0,(anonymous_17)
FNDA:0,(anonymous_18)
FNDA:0,(anonymous_19)
FNDA:0,(anonymous_20)
FNDA:0,(anonymous_21)
FNDA:0,(anonymous_22)
FNDA:0,(anonymous_23)
FNDA:0,(anonymous_24)
FNDA:0,(anonymous_25)
FNDA:0,(anonymous_26)
FNDA:0,(anonymous_27)
FNDA:0,(anonymous_28)
FNDA:0,(anonymous_29)
FNDA:0,(anonymous_30)
FNDA:0,(anonymous_31)
FNDA:0,(anonymous_32)
FNDA:0,(anonymous_33)
FNDA:0,(anonymous_34)
FNDA:0,(anonymous_35)
FNDA:0,(anonymous_36)
FNDA:0,(anonymous_37)
DA:1,0
DA:4,0
DA:5,0
DA:6,0
DA:7,0
DA:8,0
DA:11,0
DA:12,0
DA:13,0
DA:14,0
DA:17,0
DA:18,0
DA:21,0
DA:22,0
DA:23,0
DA:25,0
DA:27,0
DA:29,0
DA:31,0
DA:33,0
DA:36,0
DA:37,0
DA:42,0
DA:43,0
DA:45,0
DA:46,0
DA:47,0
DA:50,0
LF:28
LH:0
BRDA:23,0,0,0
BRDA:23,0,1,0
BRDA:23,0,2,0
BRDA:23,0,3,0
BRDA:23,0,4,0
BRF:5
BRH:0
end_of_record
TN:
SF:src\utils\memoryMonitor.ts
FN:34,(anonymous_0)
FN:41,(anonymous_1)
FN:47,(anonymous_2)
FN:55,(anonymous_3)
FN:69,(anonymous_4)
FN:77,(anonymous_5)
FN:105,(anonymous_6)
FN:128,(anonymous_7)
FN:141,(anonymous_8)
FN:151,(anonymous_9)
FN:152,(anonymous_10)
FN:161,(anonymous_11)
FN:162,(anonymous_12)
FN:171,(anonymous_13)
FN:187,(anonymous_14)
FN:189,(anonymous_15)
FN:197,(anonymous_16)
FN:199,(anonymous_17)
FN:207,(anonymous_18)
FN:211,(anonymous_19)
FN:215,(anonymous_20)
FN:221,(anonymous_21)
FN:236,(anonymous_22)
FN:248,(anonymous_23)
FN:252,(anonymous_24)
FN:253,(anonymous_25)
FN:254,(anonymous_26)
FN:257,(anonymous_27)
FN:264,(anonymous_28)
FN:274,(anonymous_29)
FNF:30
FNH:0
FNDA:0,(anonymous_0)
FNDA:0,(anonymous_1)
FNDA:0,(anonymous_2)
FNDA:0,(anonymous_3)
FNDA:0,(anonymous_4)
FNDA:0,(anonymous_5)
FNDA:0,(anonymous_6)
FNDA:0,(anonymous_7)
FNDA:0,(anonymous_8)
FNDA:0,(anonymous_9)
FNDA:0,(anonymous_10)
FNDA:0,(anonymous_11)
FNDA:0,(anonymous_12)
FNDA:0,(anonymous_13)
FNDA:0,(anonymous_14)
FNDA:0,(anonymous_15)
FNDA:0,(anonymous_16)
FNDA:0,(anonymous_17)
FNDA:0,(anonymous_18)
FNDA:0,(anonymous_19)
FNDA:0,(anonymous_20)
FNDA:0,(anonymous_21)
FNDA:0,(anonymous_22)
FNDA:0,(anonymous_23)
FNDA:0,(anonymous_24)
FNDA:0,(anonymous_25)
FNDA:0,(anonymous_26)
FNDA:0,(anonymous_27)
FNDA:0,(anonymous_28)
FNDA:0,(anonymous_29)
DA:1,0
DA:19,0
DA:20,0
DA:21,0
DA:22,0
DA:23,0
DA:24,0
DA:27,0
DA:35,0
DA:36,0
DA:38,0
DA:42,0
DA:43,0
DA:46,0
DA:47,0
DA:48,0
DA:52,0
DA:56,0
DA:57,0
DA:60,0
DA:61,0
DA:62,0
DA:63,0
DA:66,0
DA:69,0
DA:70,0
DA:71,0
DA:72,0
DA:73,0
DA:78,0
DA:79,0
DA:82,0
DA:83,0
DA:86,0
DA:87,0
DA:89,0
DA:90,0
DA:97,0
DA:99,0
DA:100,0
DA:108,0
DA:110,0
DA:111,0
DA:120,0
DA:129,0
DA:130,0
DA:131,0
DA:132,0
DA:133,0
DA:134,0
DA:135,0
DA:136,0
DA:138,0
DA:142,0
DA:148,0
DA:152,0
DA:153,0
DA:154,0
DA:156,0
DA:162,0
DA:163,0
DA:164,0
DA:166,0
DA:172,0
DA:175,0
DA:178,0
DA:181,0
DA:182,0
DA:188,0
DA:189,0
DA:190,0
DA:191,0
DA:192,0
DA:198,0
DA:199,0
DA:200,0
DA:201,0
DA:202,0
DA:208,0
DA:212,0
DA:216,0
DA:217,0
DA:220,0
DA:221,0
DA:222,0
DA:223,0
DA:224,0
DA:227,0
DA:228,0
DA:229,0
DA:230,0
DA:231,0
DA:233,0
DA:237,0
DA:238,0
DA:240,0
DA:245,0
DA:248,0
DA:249,0
DA:250,0
DA:252,0
DA:253,0
DA:254,0
DA:257,0
DA:258,0
DA:261,0
DA:262,0
DA:264,0
DA:265,0
DA:266,0
DA:270,0
DA:274,0
LF:112
LH:0
BRDA:35,0,0,0
BRDA:41,1,0,0
BRDA:42,2,0,0
BRDA:56,3,0,0
BRDA:61,4,0,0
BRDA:70,5,0,0
BRDA:70,5,1,0
BRDA:72,6,0,0
BRDA:82,7,0,0
BRDA:89,8,0,0
BRDA:99,9,0,0
BRDA:110,10,0,0
BRDA:129,11,0,0
BRDA:129,11,1,0
BRDA:131,12,0,0
BRDA:131,12,1,0
BRDA:133,13,0,0
BRDA:133,13,1,0
BRDA:135,14,0,0
BRDA:181,15,0,0
BRDA:191,16,0,0
BRDA:201,17,0,0
BRDA:216,18,0,0
BRDA:222,19,0,0
BRDA:228,20,0,0
BRDA:228,20,1,0
BRDA:230,21,0,0
BRDA:237,22,0,0
BRDA:237,22,1,0
BRF:29
BRH:0
end_of_record
TN:
SF:src\utils\validation.ts
FN:1,(anonymous_0)
FN:6,(anonymous_1)
FN:27,(anonymous_2)
FN:55,(anonymous_3)
FN:60,(anonymous_4)
FNF:5
FNH:3
FNDA:3,(anonymous_0)
FNDA:3,(anonymous_1)
FNDA:3,(anonymous_2)
FNDA:0,(anonymous_3)
FNDA:0,(anonymous_4)
DA:1,3
DA:2,3
DA:3,3
DA:6,3
DA:7,3
DA:8,1
DA:11,2
DA:12,1
DA:15,1
DA:16,0
DA:19,1
DA:20,1
DA:21,0
DA:24,1
DA:27,3
DA:28,3
DA:29,1
DA:32,2
DA:33,1
DA:36,1
DA:37,0
DA:40,1
DA:41,1
DA:42,1
DA:43,1
DA:45,1
DA:46,0
DA:52,1
DA:55,3
DA:56,0
DA:57,0
DA:60,3
DA:61,0
DA:62,0
DA:65,0
DA:66,0
DA:69,0
LF:37
LH:26
BRDA:7,0,0,1
BRDA:7,1,0,3
BRDA:7,1,1,2
BRDA:11,2,0,1
BRDA:15,3,0,0
BRDA:20,4,0,0
BRDA:28,5,0,1
BRDA:28,6,0,3
BRDA:28,6,1,2
BRDA:32,7,0,1
BRDA:36,8,0,0
BRDA:45,9,0,0
BRDA:45,10,0,1
BRDA:45,10,1,1
BRDA:45,10,2,1
BRDA:45,10,3,1
BRDA:61,11,0,0
BRDA:61,12,0,0
BRDA:61,12,1,0
BRDA:65,13,0,0
BRF:20
BRH:12
end_of_record
